{"level":"info","message":"Cache initialized","timestamp":"2025-05-09 06:18:27:1827"}
{"level":"info","message":"MongoDB Connected Successfully","timestamp":"2025-05-09 06:18:29:1829"}
{"level":"info","message":"Server running in development mode on port 8000","timestamp":"2025-05-09 06:18:29:1829"}
{"level":"info","message":"Cache initialized","timestamp":"2025-05-09 06:18:43:1843"}
{"level":"info","message":"MongoDB Connected Successfully","timestamp":"2025-05-09 06:18:46:1846"}
{"level":"info","message":"Cache initialized","timestamp":"2025-05-09 06:20:46:2046"}
{"level":"info","message":"MongoDB Connected Successfully","timestamp":"2025-05-09 06:20:49:2049"}
{"level":"info","message":"Cache initialized","timestamp":"2025-05-09 06:22:03:223"}
{"level":"info","message":"MongoDB Connected Successfully","timestamp":"2025-05-09 06:22:05:225"}
{"level":"info","message":"Cache initialized","timestamp":"2025-05-09 06:23:11:2311"}
{"level":"info","message":"MongoDB Connected Successfully","timestamp":"2025-05-09 06:23:13:2313"}
{"level":"info","message":"Server running in development mode on port 8000","timestamp":"2025-05-09 06:23:13:2313"}
{"level":"info","message":"Cache initialized","timestamp":"2025-05-09 06:23:30:2330"}
{"level":"info","message":"MongoDB Connected Successfully","timestamp":"2025-05-09 06:23:32:2332"}
{"level":"info","message":"Cache initialized","timestamp":"2025-05-09 06:24:13:2413"}
{"level":"info","message":"MongoDB Connected Successfully","timestamp":"2025-05-09 06:24:15:2415"}
{"level":"info","message":"Server running in development mode on port 8000","timestamp":"2025-05-09 06:24:15:2415"}
{"level":"info","message":"Cache initialized","timestamp":"2025-05-09 06:28:00:280"}
{"level":"info","message":"MongoDB Connected Successfully","timestamp":"2025-05-09 06:28:03:283"}
{"level":"info","message":"Server running in development mode on port 8000","timestamp":"2025-05-09 06:28:03:283"}
{"level":"debug","message":"Cache miss for __express__/api/v1/doctors","timestamp":"2025-05-09 06:28:43:2843"}
{"level":"http","message":"\u001b[0mGET /api/v1/doctors \u001b[32m200\u001b[0m 451.591 ms - 17014\u001b[0m","timestamp":"2025-05-09 06:28:44:2844"}
{"level":"debug","message":"Cache hit for __express__/api/v1/doctors","timestamp":"2025-05-09 06:28:44:2844"}
{"level":"http","message":"\u001b[0mGET /api/v1/doctors \u001b[36m304\u001b[0m 40.492 ms - -\u001b[0m","timestamp":"2025-05-09 06:28:44:2844"}
{"level":"debug","message":"Cache hit for __express__/api/v1/doctors","timestamp":"2025-05-09 06:28:56:2856"}
{"level":"http","message":"\u001b[0mGET /api/v1/doctors \u001b[36m304\u001b[0m 34.785 ms - -\u001b[0m","timestamp":"2025-05-09 06:28:57:2857"}
{"level":"debug","message":"Cache hit for __express__/api/v1/doctors","timestamp":"2025-05-09 06:28:57:2857"}
{"level":"http","message":"\u001b[0mGET /api/v1/doctors \u001b[36m304\u001b[0m 76.504 ms - -\u001b[0m","timestamp":"2025-05-09 06:28:57:2857"}
{"level":"debug","message":"Cache hit for __express__/api/v1/doctors","timestamp":"2025-05-09 06:29:47:2947"}
{"level":"http","message":"\u001b[0mGET /api/v1/doctors \u001b[36m304\u001b[0m 73.915 ms - -\u001b[0m","timestamp":"2025-05-09 06:29:47:2947"}
{"level":"debug","message":"Cache hit for __express__/api/v1/doctors","timestamp":"2025-05-09 06:29:47:2947"}
{"level":"http","message":"\u001b[0mGET /api/v1/doctors \u001b[36m304\u001b[0m 86.732 ms - -\u001b[0m","timestamp":"2025-05-09 06:29:47:2947"}
{"level":"debug","message":"Cache hit for __express__/api/v1/doctors","timestamp":"2025-05-09 06:29:49:2949"}
{"level":"http","message":"\u001b[0mGET /api/v1/doctors \u001b[36m304\u001b[0m 38.539 ms - -\u001b[0m","timestamp":"2025-05-09 06:29:49:2949"}
{"level":"debug","message":"Cache hit for __express__/api/v1/doctors","timestamp":"2025-05-09 06:29:49:2949"}
{"level":"http","message":"\u001b[0mGET /api/v1/doctors \u001b[36m304\u001b[0m 26.218 ms - -\u001b[0m","timestamp":"2025-05-09 06:29:49:2949"}
{"level":"debug","message":"Cache hit for __express__/api/v1/doctors","timestamp":"2025-05-09 06:30:00:300"}
{"level":"http","message":"\u001b[0mGET /api/v1/doctors \u001b[36m304\u001b[0m 59.101 ms - -\u001b[0m","timestamp":"2025-05-09 06:30:00:300"}
{"level":"debug","message":"Cache hit for __express__/api/v1/doctors","timestamp":"2025-05-09 06:30:00:300"}
{"level":"http","message":"\u001b[0mGET /api/v1/doctors \u001b[36m304\u001b[0m 35.996 ms - -\u001b[0m","timestamp":"2025-05-09 06:30:00:300"}
{"level":"debug","message":"Cache miss for __express__/api/v1/doctors/681d049aec605e319369e1fe","timestamp":"2025-05-09 06:30:03:303"}
{"level":"http","message":"\u001b[0mGET /api/v1/doctors/681d049aec605e319369e1fe \u001b[32m200\u001b[0m 563.712 ms - 1911\u001b[0m","timestamp":"2025-05-09 06:30:04:304"}
{"level":"debug","message":"Cache hit for __express__/api/v1/doctors/681d049aec605e319369e1fe","timestamp":"2025-05-09 06:30:04:304"}
{"level":"http","message":"\u001b[0mGET /api/v1/doctors/681d049aec605e319369e1fe \u001b[36m304\u001b[0m 11.984 ms - -\u001b[0m","timestamp":"2025-05-09 06:30:04:304"}
{"level":"http","message":"\u001b[0mGET /api/v1/appointments/patient \u001b[36m304\u001b[0m 919.902 ms - -\u001b[0m","timestamp":"2025-05-09 06:32:42:3242"}
{"level":"info","message":"Cache initialized","timestamp":"2025-05-09 07:36:57:3657"}
{"level":"info","message":"MongoDB Connected Successfully","timestamp":"2025-05-09 07:36:59:3659"}
{"level":"info","message":"Server running in development mode on port 8000","timestamp":"2025-05-09 07:36:59:3659"}
{"level":"debug","message":"Cache miss for __express__/api/v1/doctors","timestamp":"2025-05-09 07:37:00:370"}
{"level":"http","message":"\u001b[0mGET /api/v1/doctors \u001b[32m200\u001b[0m 359.423 ms - 17014\u001b[0m","timestamp":"2025-05-09 07:37:01:371"}
{"level":"debug","message":"Cache hit for __express__/api/v1/doctors","timestamp":"2025-05-09 07:37:01:371"}
{"level":"http","message":"\u001b[0mGET /api/v1/doctors \u001b[36m304\u001b[0m 17.639 ms - -\u001b[0m","timestamp":"2025-05-09 07:37:01:371"}
{"level":"http","message":"\u001b[0mPOST /api/v1/auth/login \u001b[32m200\u001b[0m 2010.899 ms - 1650\u001b[0m","timestamp":"2025-05-09 07:38:57:3857"}
{"level":"debug","message":"Cache hit for __express__/api/v1/doctors","timestamp":"2025-05-09 07:38:57:3857"}
{"level":"http","message":"\u001b[0mGET /api/v1/doctors \u001b[36m304\u001b[0m 15.629 ms - -\u001b[0m","timestamp":"2025-05-09 07:38:57:3857"}
{"level":"debug","message":"Cache cleared for __express__/","timestamp":"2025-05-09 07:39:13:3913"}
{"level":"http","message":"\u001b[0mPUT /api/v1/doctors/681ca27f21de62760977d64f \u001b[32m200\u001b[0m 3919.302 ms - 1542\u001b[0m","timestamp":"2025-05-09 07:39:15:3915"}
{"level":"http","message":"\u001b[0mGET /api/v1/appointments/doctor/681ca27f21de62760977d64f \u001b[32m200\u001b[0m 468.158 ms - 72\u001b[0m","timestamp":"2025-05-09 07:39:20:3920"}
{"level":"http","message":"\u001b[0mGET /api/v1/appointments/doctor/681ca27f21de62760977d64f \u001b[36m304\u001b[0m 508.664 ms - -\u001b[0m","timestamp":"2025-05-09 08:02:21:221"}
{"level":"debug","message":"Cache miss for __express__/api/v1/doctors","timestamp":"2025-05-09 08:07:44:744"}
{"level":"http","message":"\u001b[0mGET /api/v1/doctors \u001b[32m200\u001b[0m 785.761 ms - 17014\u001b[0m","timestamp":"2025-05-09 08:07:45:745"}
{"level":"debug","message":"Cache hit for __express__/api/v1/doctors","timestamp":"2025-05-09 08:07:45:745"}
{"level":"http","message":"\u001b[0mGET /api/v1/doctors \u001b[36m304\u001b[0m 15.843 ms - -\u001b[0m","timestamp":"2025-05-09 08:07:45:745"}
{"level":"debug","message":"Cache miss for __express__/api/v1/doctors/681d049aec605e319369e1fe","timestamp":"2025-05-09 08:08:00:80"}
{"level":"http","message":"\u001b[0mGET /api/v1/doctors/681d049aec605e319369e1fe \u001b[32m200\u001b[0m 539.040 ms - 1911\u001b[0m","timestamp":"2025-05-09 08:08:00:80"}
{"level":"debug","message":"Cache hit for __express__/api/v1/doctors/681d049aec605e319369e1fe","timestamp":"2025-05-09 08:08:00:80"}
{"level":"http","message":"\u001b[0mGET /api/v1/doctors/681d049aec605e319369e1fe \u001b[36m304\u001b[0m 4.495 ms - -\u001b[0m","timestamp":"2025-05-09 08:08:00:80"}
{"level":"debug","message":"Cache hit for __express__/api/v1/doctors","timestamp":"2025-05-09 08:08:10:810"}
{"level":"http","message":"\u001b[0mGET /api/v1/doctors \u001b[36m304\u001b[0m 21.434 ms - -\u001b[0m","timestamp":"2025-05-09 08:08:10:810"}
{"level":"debug","message":"Cache hit for __express__/api/v1/doctors","timestamp":"2025-05-09 08:08:10:810"}
{"level":"http","message":"\u001b[0mGET /api/v1/doctors \u001b[36m304\u001b[0m 18.334 ms - -\u001b[0m","timestamp":"2025-05-09 08:08:10:810"}
{"level":"debug","message":"Cache hit for __express__/api/v1/doctors/681d049aec605e319369e1fe","timestamp":"2025-05-09 08:09:23:923"}
{"level":"http","message":"\u001b[0mGET /api/v1/doctors/681d049aec605e319369e1fe \u001b[36m304\u001b[0m 5.442 ms - -\u001b[0m","timestamp":"2025-05-09 08:09:23:923"}
{"level":"debug","message":"Cache hit for __express__/api/v1/doctors/681d049aec605e319369e1fe","timestamp":"2025-05-09 08:09:23:923"}
{"level":"http","message":"\u001b[0mGET /api/v1/doctors/681d049aec605e319369e1fe \u001b[36m304\u001b[0m 5.974 ms - -\u001b[0m","timestamp":"2025-05-09 08:09:23:923"}
{"level":"debug","message":"Cache hit for __express__/api/v1/doctors","timestamp":"2025-05-09 08:09:30:930"}
{"level":"http","message":"\u001b[0mGET /api/v1/doctors \u001b[36m304\u001b[0m 26.450 ms - -\u001b[0m","timestamp":"2025-05-09 08:09:30:930"}
{"level":"debug","message":"Cache hit for __express__/api/v1/doctors","timestamp":"2025-05-09 08:09:30:930"}
{"level":"http","message":"\u001b[0mGET /api/v1/doctors \u001b[36m304\u001b[0m 15.642 ms - -\u001b[0m","timestamp":"2025-05-09 08:09:30:930"}
{"level":"debug","message":"Cache hit for __express__/api/v1/doctors","timestamp":"2025-05-09 08:09:54:954"}
{"level":"http","message":"\u001b[0mGET /api/v1/doctors \u001b[36m304\u001b[0m 9.861 ms - -\u001b[0m","timestamp":"2025-05-09 08:09:54:954"}
{"level":"debug","message":"Cache hit for __express__/api/v1/doctors","timestamp":"2025-05-09 08:09:54:954"}
{"level":"http","message":"\u001b[0mGET /api/v1/doctors \u001b[36m304\u001b[0m 14.789 ms - -\u001b[0m","timestamp":"2025-05-09 08:09:54:954"}
{"level":"debug","message":"Cache cleared for __express__/","timestamp":"2025-05-09 08:10:12:1012"}
{"level":"http","message":"\u001b[0mPUT /api/v1/doctors/681ca27f21de62760977d64f \u001b[32m200\u001b[0m 655.575 ms - 1542\u001b[0m","timestamp":"2025-05-09 08:10:12:1012"}
{"level":"debug","message":"Cache cleared for __express__/","timestamp":"2025-05-09 08:10:17:1017"}
{"level":"http","message":"\u001b[0mPUT /api/v1/doctors/681ca27f21de62760977d64f \u001b[32m200\u001b[0m 609.101 ms - 1542\u001b[0m","timestamp":"2025-05-09 08:10:17:1017"}
{"level":"debug","message":"Cache cleared for __express__/","timestamp":"2025-05-09 08:10:25:1025"}
{"level":"http","message":"\u001b[0mPUT /api/v1/doctors/681ca27f21de62760977d64f \u001b[32m200\u001b[0m 612.694 ms - 1542\u001b[0m","timestamp":"2025-05-09 08:10:25:1025"}
{"level":"debug","message":"Cache cleared for __express__/","timestamp":"2025-05-09 08:10:49:1049"}
{"level":"http","message":"\u001b[0mPUT /api/v1/doctors/681ca27f21de62760977d64f \u001b[32m200\u001b[0m 2554.266 ms - 1542\u001b[0m","timestamp":"2025-05-09 08:10:49:1049"}
{"level":"debug","message":"Cache cleared for __express__/","timestamp":"2025-05-09 08:11:13:1113"}
{"level":"http","message":"\u001b[0mPUT /api/v1/doctors/681ca27f21de62760977d64f \u001b[32m200\u001b[0m 616.294 ms - 1542\u001b[0m","timestamp":"2025-05-09 08:11:13:1113"}
{"level":"debug","message":"Cache cleared for __express__/","timestamp":"2025-05-09 08:11:15:1115"}
{"level":"http","message":"\u001b[0mPUT /api/v1/doctors/681ca27f21de62760977d64f \u001b[32m200\u001b[0m 608.623 ms - 1542\u001b[0m","timestamp":"2025-05-09 08:11:16:1116"}
{"level":"debug","message":"Cache cleared for __express__/","timestamp":"2025-05-09 08:11:17:1117"}
{"level":"http","message":"\u001b[0mPUT /api/v1/doctors/681ca27f21de62760977d64f \u001b[32m200\u001b[0m 620.375 ms - 1542\u001b[0m","timestamp":"2025-05-09 08:11:17:1117"}
{"level":"debug","message":"Cache cleared for __express__/","timestamp":"2025-05-09 08:11:25:1125"}
{"level":"http","message":"\u001b[0mPUT /api/v1/doctors/681ca27f21de62760977d64f \u001b[32m200\u001b[0m 1864.477 ms - 1542\u001b[0m","timestamp":"2025-05-09 08:11:25:1125"}
{"level":"http","message":"\u001b[0mGET /api/v1/appointments/doctor/681ca27f21de62760977d64f \u001b[36m304\u001b[0m 461.171 ms - -\u001b[0m","timestamp":"2025-05-09 08:12:05:125"}
{"level":"debug","message":"Cache cleared for __express__/","timestamp":"2025-05-09 08:13:07:137"}
{"level":"http","message":"\u001b[0mPUT /api/v1/doctors/681ca27f21de62760977d64f \u001b[32m200\u001b[0m 623.824 ms - 1542\u001b[0m","timestamp":"2025-05-09 08:13:07:137"}
{"level":"info","message":"Cache initialized","timestamp":"2025-05-09 08:13:46:1346"}
{"level":"info","message":"MongoDB Connected Successfully","timestamp":"2025-05-09 08:13:48:1348"}
{"level":"info","message":"Server running in development mode on port 8000","timestamp":"2025-05-09 08:13:48:1348"}
{"level":"info","message":"Cache initialized","timestamp":"2025-05-09 08:14:05:145"}
{"level":"info","message":"MongoDB Connected Successfully","timestamp":"2025-05-09 08:14:06:146"}
{"level":"info","message":"Server running in development mode on port 8000","timestamp":"2025-05-09 08:14:06:146"}
{"level":"info","message":"Cache initialized","timestamp":"2025-05-09 08:14:24:1424"}
{"level":"info","message":"MongoDB Connected Successfully","timestamp":"2025-05-09 08:14:25:1425"}
{"level":"info","message":"Server running in development mode on port 8000","timestamp":"2025-05-09 08:14:25:1425"}
{"level":"info","message":"Cache initialized","timestamp":"2025-05-09 08:14:45:1445"}
{"level":"info","message":"MongoDB Connected Successfully","timestamp":"2025-05-09 08:14:47:1447"}
{"level":"info","message":"Server running in development mode on port 8000","timestamp":"2025-05-09 08:14:47:1447"}
{"level":"info","message":"Cache initialized","timestamp":"2025-05-09 08:15:00:150"}
{"level":"info","message":"MongoDB Connected Successfully","timestamp":"2025-05-09 08:15:02:152"}
{"level":"info","message":"Server running in development mode on port 8000","timestamp":"2025-05-09 08:15:02:152"}
{"level":"http","message":"\u001b[0mPOST /api/v1/auth/login \u001b[32m200\u001b[0m 445.582 ms - 484\u001b[0m","timestamp":"2025-05-09 08:15:12:1512"}
{"level":"http","message":"\u001b[0mGET /api/v1/admin/dashboard \u001b[32m200\u001b[0m 1888.547 ms - 867\u001b[0m","timestamp":"2025-05-09 08:15:14:1514"}
{"level":"http","message":"\u001b[0mGET /api/v1/admin/dashboard \u001b[36m304\u001b[0m 1917.965 ms - -\u001b[0m","timestamp":"2025-05-09 08:15:16:1516"}
{"level":"http","message":"\u001b[0mGET /api/v1/admin/users \u001b[33m404\u001b[0m 0.919 ms - 1657\u001b[0m","timestamp":"2025-05-09 08:15:26:1526"}
{"level":"http","message":"\u001b[0mGET /api/v1/admin/users \u001b[33m404\u001b[0m 0.521 ms - 1657\u001b[0m","timestamp":"2025-05-09 08:15:26:1526"}
{"level":"http","message":"\u001b[0mGET /api/v1/admin/appointments \u001b[33m404\u001b[0m 0.433 ms - 1671\u001b[0m","timestamp":"2025-05-09 08:15:31:1531"}
{"level":"http","message":"\u001b[0mGET /api/v1/admin/appointments \u001b[33m404\u001b[0m 0.639 ms - 1671\u001b[0m","timestamp":"2025-05-09 08:15:31:1531"}
{"level":"http","message":"\u001b[0mGET /api/v1/admin/doctors \u001b[32m200\u001b[0m 589.488 ms - 17035\u001b[0m","timestamp":"2025-05-09 08:15:35:1535"}
{"level":"http","message":"\u001b[0mGET /api/v1/admin/doctors \u001b[36m304\u001b[0m 462.010 ms - -\u001b[0m","timestamp":"2025-05-09 08:15:36:1536"}
{"level":"http","message":"\u001b[0mGET /api/v1/admin/dashboard \u001b[36m304\u001b[0m 1891.251 ms - -\u001b[0m","timestamp":"2025-05-09 08:15:50:1550"}
{"level":"http","message":"\u001b[0mGET /api/v1/admin/dashboard \u001b[36m304\u001b[0m 1891.632 ms - -\u001b[0m","timestamp":"2025-05-09 08:15:52:1552"}
{"level":"http","message":"\u001b[0mGET /api/v1/admin/doctors \u001b[36m304\u001b[0m 582.251 ms - -\u001b[0m","timestamp":"2025-05-09 08:16:27:1627"}
{"level":"http","message":"\u001b[0mGET /api/v1/admin/doctors \u001b[36m304\u001b[0m 439.698 ms - -\u001b[0m","timestamp":"2025-05-09 08:16:28:1628"}
{"level":"http","message":"\u001b[0mGET /api/v1/admin/appointments \u001b[33m404\u001b[0m 0.870 ms - 1671\u001b[0m","timestamp":"2025-05-09 08:16:29:1629"}
{"level":"http","message":"\u001b[0mGET /api/v1/admin/appointments \u001b[33m404\u001b[0m 0.565 ms - 1671\u001b[0m","timestamp":"2025-05-09 08:16:29:1629"}
{"level":"http","message":"\u001b[0mGET /api/v1/admin/users \u001b[33m404\u001b[0m 0.820 ms - 1657\u001b[0m","timestamp":"2025-05-09 08:16:33:1633"}
{"level":"http","message":"\u001b[0mGET /api/v1/admin/users \u001b[33m404\u001b[0m 0.805 ms - 1657\u001b[0m","timestamp":"2025-05-09 08:16:33:1633"}
{"level":"http","message":"\u001b[0mGET /api/v1/admin/appointments \u001b[33m404\u001b[0m 0.679 ms - 1671\u001b[0m","timestamp":"2025-05-09 08:16:56:1656"}
{"level":"http","message":"\u001b[0mGET /api/v1/admin/appointments \u001b[33m404\u001b[0m 0.787 ms - 1671\u001b[0m","timestamp":"2025-05-09 08:16:56:1656"}
{"level":"info","message":"Cache initialized","timestamp":"2025-05-09 08:17:14:1714"}
{"level":"info","message":"MongoDB Connected Successfully","timestamp":"2025-05-09 08:17:16:1716"}
{"level":"info","message":"Server running in development mode on port 8000","timestamp":"2025-05-09 08:17:16:1716"}
{"level":"debug","message":"Cache miss for __express__/api/v1/doctors","timestamp":"2025-05-09 08:17:25:1725"}
{"level":"http","message":"\u001b[0mGET /api/v1/doctors \u001b[36m304\u001b[0m 370.960 ms - -\u001b[0m","timestamp":"2025-05-09 08:17:26:1726"}
{"level":"debug","message":"Cache hit for __express__/api/v1/doctors","timestamp":"2025-05-09 08:17:26:1726"}
{"level":"http","message":"\u001b[0mGET /api/v1/doctors \u001b[36m304\u001b[0m 16.516 ms - -\u001b[0m","timestamp":"2025-05-09 08:17:26:1726"}
{"level":"info","message":"Cache initialized","timestamp":"2025-05-09 08:17:29:1729"}
{"level":"info","message":"MongoDB Connected Successfully","timestamp":"2025-05-09 08:17:30:1730"}
{"level":"info","message":"Server running in development mode on port 8000","timestamp":"2025-05-09 08:17:30:1730"}
{"level":"debug","message":"Cache miss for __express__/api/v1/doctors","timestamp":"2025-05-09 08:17:30:1730"}
{"level":"http","message":"\u001b[0mGET /api/v1/doctors \u001b[36m304\u001b[0m 833.936 ms - -\u001b[0m","timestamp":"2025-05-09 08:17:31:1731"}
{"level":"debug","message":"Cache hit for __express__/api/v1/doctors","timestamp":"2025-05-09 08:17:31:1731"}
{"level":"http","message":"\u001b[0mGET /api/v1/doctors \u001b[36m304\u001b[0m 17.079 ms - -\u001b[0m","timestamp":"2025-05-09 08:17:31:1731"}
{"level":"debug","message":"Cache hit for __express__/api/v1/doctors","timestamp":"2025-05-09 08:18:05:185"}
{"level":"http","message":"\u001b[0mGET /api/v1/doctors \u001b[36m304\u001b[0m 8.247 ms - -\u001b[0m","timestamp":"2025-05-09 08:18:05:185"}
{"level":"debug","message":"Cache hit for __express__/api/v1/doctors","timestamp":"2025-05-09 08:18:05:185"}
{"level":"http","message":"\u001b[0mGET /api/v1/doctors \u001b[36m304\u001b[0m 9.284 ms - -\u001b[0m","timestamp":"2025-05-09 08:18:05:185"}
{"level":"debug","message":"Cache hit for __express__/api/v1/doctors","timestamp":"2025-05-09 08:18:57:1857"}
{"level":"http","message":"\u001b[0mGET /api/v1/doctors \u001b[36m304\u001b[0m 25.498 ms - -\u001b[0m","timestamp":"2025-05-09 08:18:57:1857"}
{"level":"debug","message":"Cache hit for __express__/api/v1/doctors","timestamp":"2025-05-09 08:18:57:1857"}
{"level":"http","message":"\u001b[0mGET /api/v1/doctors \u001b[36m304\u001b[0m 16.018 ms - -\u001b[0m","timestamp":"2025-05-09 08:18:57:1857"}
{"level":"debug","message":"Cache hit for __express__/api/v1/doctors","timestamp":"2025-05-09 08:19:01:191"}
{"level":"http","message":"\u001b[0mGET /api/v1/doctors \u001b[36m304\u001b[0m 18.794 ms - -\u001b[0m","timestamp":"2025-05-09 08:19:01:191"}
{"level":"debug","message":"Cache hit for __express__/api/v1/doctors","timestamp":"2025-05-09 08:19:01:191"}
{"level":"http","message":"\u001b[0mGET /api/v1/doctors \u001b[36m304\u001b[0m 25.172 ms - -\u001b[0m","timestamp":"2025-05-09 08:19:01:191"}
{"level":"debug","message":"Cache hit for __express__/api/v1/doctors","timestamp":"2025-05-09 08:19:06:196"}
{"level":"http","message":"\u001b[0mGET /api/v1/doctors \u001b[36m304\u001b[0m 23.898 ms - -\u001b[0m","timestamp":"2025-05-09 08:19:06:196"}
{"level":"debug","message":"Cache hit for __express__/api/v1/doctors","timestamp":"2025-05-09 08:19:06:196"}
{"level":"http","message":"\u001b[0mGET /api/v1/doctors \u001b[36m304\u001b[0m 31.692 ms - -\u001b[0m","timestamp":"2025-05-09 08:19:06:196"}
{"level":"debug","message":"Cache hit for __express__/api/v1/doctors","timestamp":"2025-05-09 08:19:13:1913"}
{"level":"http","message":"\u001b[0mGET /api/v1/doctors \u001b[36m304\u001b[0m 19.723 ms - -\u001b[0m","timestamp":"2025-05-09 08:19:13:1913"}
{"level":"debug","message":"Cache hit for __express__/api/v1/doctors","timestamp":"2025-05-09 08:19:13:1913"}
{"level":"http","message":"\u001b[0mGET /api/v1/doctors \u001b[36m304\u001b[0m 23.217 ms - -\u001b[0m","timestamp":"2025-05-09 08:19:13:1913"}
{"level":"debug","message":"Cache hit for __express__/api/v1/doctors","timestamp":"2025-05-09 08:19:15:1915"}
{"level":"http","message":"\u001b[0mGET /api/v1/doctors \u001b[36m304\u001b[0m 14.127 ms - -\u001b[0m","timestamp":"2025-05-09 08:19:15:1915"}
{"level":"debug","message":"Cache hit for __express__/api/v1/doctors","timestamp":"2025-05-09 08:19:15:1915"}
{"level":"http","message":"\u001b[0mGET /api/v1/doctors \u001b[36m304\u001b[0m 16.931 ms - -\u001b[0m","timestamp":"2025-05-09 08:19:15:1915"}
{"level":"debug","message":"Cache hit for __express__/api/v1/doctors","timestamp":"2025-05-09 08:19:18:1918"}
{"level":"http","message":"\u001b[0mGET /api/v1/doctors \u001b[36m304\u001b[0m 19.696 ms - -\u001b[0m","timestamp":"2025-05-09 08:19:18:1918"}
{"level":"debug","message":"Cache hit for __express__/api/v1/doctors","timestamp":"2025-05-09 08:19:18:1918"}
{"level":"http","message":"\u001b[0mGET /api/v1/doctors \u001b[36m304\u001b[0m 13.706 ms - -\u001b[0m","timestamp":"2025-05-09 08:19:18:1918"}
{"level":"debug","message":"Cache hit for __express__/api/v1/doctors","timestamp":"2025-05-09 08:19:38:1938"}
{"level":"http","message":"\u001b[0mGET /api/v1/doctors \u001b[36m304\u001b[0m 18.056 ms - -\u001b[0m","timestamp":"2025-05-09 08:19:38:1938"}
{"level":"debug","message":"Cache hit for __express__/api/v1/doctors","timestamp":"2025-05-09 08:19:38:1938"}
{"level":"http","message":"\u001b[0mGET /api/v1/doctors \u001b[36m304\u001b[0m 11.942 ms - -\u001b[0m","timestamp":"2025-05-09 08:19:38:1938"}
{"level":"debug","message":"Cache hit for __express__/api/v1/doctors","timestamp":"2025-05-09 08:19:54:1954"}
{"level":"http","message":"\u001b[0mGET /api/v1/doctors \u001b[36m304\u001b[0m 21.148 ms - -\u001b[0m","timestamp":"2025-05-09 08:19:54:1954"}
{"level":"debug","message":"Cache hit for __express__/api/v1/doctors","timestamp":"2025-05-09 08:19:54:1954"}
{"level":"http","message":"\u001b[0mGET /api/v1/doctors \u001b[36m304\u001b[0m 14.867 ms - -\u001b[0m","timestamp":"2025-05-09 08:19:54:1954"}
{"level":"debug","message":"Cache hit for __express__/api/v1/doctors","timestamp":"2025-05-09 08:20:10:2010"}
{"level":"http","message":"\u001b[0mGET /api/v1/doctors \u001b[36m304\u001b[0m 9.373 ms - -\u001b[0m","timestamp":"2025-05-09 08:20:10:2010"}
{"level":"debug","message":"Cache hit for __express__/api/v1/doctors","timestamp":"2025-05-09 08:20:10:2010"}
{"level":"http","message":"\u001b[0mGET /api/v1/doctors \u001b[36m304\u001b[0m 9.182 ms - -\u001b[0m","timestamp":"2025-05-09 08:20:10:2010"}
{"level":"debug","message":"Cache hit for __express__/api/v1/doctors","timestamp":"2025-05-09 08:20:30:2030"}
{"level":"http","message":"\u001b[0mGET /api/v1/doctors \u001b[36m304\u001b[0m 12.696 ms - -\u001b[0m","timestamp":"2025-05-09 08:20:30:2030"}
{"level":"debug","message":"Cache hit for __express__/api/v1/doctors","timestamp":"2025-05-09 08:20:30:2030"}
{"level":"http","message":"\u001b[0mGET /api/v1/doctors \u001b[36m304\u001b[0m 14.312 ms - -\u001b[0m","timestamp":"2025-05-09 08:20:30:2030"}
{"level":"debug","message":"Cache hit for __express__/api/v1/doctors","timestamp":"2025-05-09 08:20:33:2033"}
{"level":"http","message":"\u001b[0mGET /api/v1/doctors \u001b[36m304\u001b[0m 9.626 ms - -\u001b[0m","timestamp":"2025-05-09 08:20:33:2033"}
{"level":"debug","message":"Cache hit for __express__/api/v1/doctors","timestamp":"2025-05-09 08:20:33:2033"}
{"level":"http","message":"\u001b[0mGET /api/v1/doctors \u001b[36m304\u001b[0m 10.636 ms - -\u001b[0m","timestamp":"2025-05-09 08:20:33:2033"}
{"level":"http","message":"\u001b[0mPOST /api/v1/auth/login \u001b[32m200\u001b[0m 840.036 ms - 1637\u001b[0m","timestamp":"2025-05-09 08:21:02:212"}
{"level":"debug","message":"Cache hit for __express__/api/v1/doctors","timestamp":"2025-05-09 08:21:02:212"}
{"level":"http","message":"\u001b[0mGET /api/v1/doctors \u001b[36m304\u001b[0m 20.408 ms - -\u001b[0m","timestamp":"2025-05-09 08:21:02:212"}
{"level":"debug","message":"Cache hit for __express__/api/v1/doctors","timestamp":"2025-05-09 08:22:20:2220"}
{"level":"http","message":"\u001b[0mGET /api/v1/doctors \u001b[32m200\u001b[0m 12.793 ms - 17014\u001b[0m","timestamp":"2025-05-09 08:22:20:2220"}
{"level":"debug","message":"Cache hit for __express__/api/v1/doctors","timestamp":"2025-05-09 08:22:20:2220"}
{"level":"http","message":"\u001b[0mGET /api/v1/doctors \u001b[36m304\u001b[0m 9.112 ms - -\u001b[0m","timestamp":"2025-05-09 08:22:20:2220"}
{"level":"http","message":"\u001b[0mPOST /api/v1/auth/login \u001b[32m200\u001b[0m 642.354 ms - 484\u001b[0m","timestamp":"2025-05-09 08:22:36:2236"}
{"level":"http","message":"\u001b[0mGET /api/v1/admin/dashboard \u001b[36m304\u001b[0m 3111.751 ms - -\u001b[0m","timestamp":"2025-05-09 08:22:39:2239"}
{"level":"http","message":"\u001b[0mGET /api/v1/admin/dashboard \u001b[36m304\u001b[0m 2147.606 ms - -\u001b[0m","timestamp":"2025-05-09 08:22:42:2242"}
{"level":"http","message":"\u001b[0mGET /api/v1/admin/doctors \u001b[36m304\u001b[0m 989.534 ms - -\u001b[0m","timestamp":"2025-05-09 08:22:48:2248"}
{"level":"http","message":"\u001b[0mGET /api/v1/admin/doctors \u001b[36m304\u001b[0m 809.688 ms - -\u001b[0m","timestamp":"2025-05-09 08:22:49:2249"}
{"level":"http","message":"\u001b[0mGET /api/v1/admin/users \u001b[33m404\u001b[0m 7.361 ms - 1657\u001b[0m","timestamp":"2025-05-09 08:22:49:2249"}
{"level":"http","message":"\u001b[0mGET /api/v1/admin/users \u001b[33m404\u001b[0m 1.054 ms - 1657\u001b[0m","timestamp":"2025-05-09 08:22:49:2249"}
{"level":"http","message":"\u001b[0mGET /api/v1/admin/appointments \u001b[33m404\u001b[0m 0.734 ms - 1671\u001b[0m","timestamp":"2025-05-09 08:22:51:2251"}
{"level":"http","message":"\u001b[0mGET /api/v1/admin/appointments \u001b[33m404\u001b[0m 0.399 ms - 1671\u001b[0m","timestamp":"2025-05-09 08:22:51:2251"}
{"level":"http","message":"\u001b[0mGET /api/v1/admin/dashboard \u001b[36m304\u001b[0m 3393.435 ms - -\u001b[0m","timestamp":"2025-05-09 08:22:56:2256"}
{"level":"http","message":"\u001b[0mGET /api/v1/admin/dashboard \u001b[36m304\u001b[0m 3674.781 ms - -\u001b[0m","timestamp":"2025-05-09 08:22:59:2259"}
{"level":"http","message":"\u001b[0mGET /api/v1/admin/dashboard \u001b[36m304\u001b[0m 1966.857 ms - -\u001b[0m","timestamp":"2025-05-09 08:24:00:240"}
{"level":"http","message":"\u001b[0mGET /api/v1/admin/dashboard \u001b[0m-\u001b[0m - ms - -\u001b[0m","timestamp":"2025-05-09 08:24:00:240"}
{"level":"http","message":"\u001b[0mGET /api/v1/admin/dashboard \u001b[32m200\u001b[0m 1964.446 ms - 867\u001b[0m","timestamp":"2025-05-09 08:24:03:243"}
{"level":"http","message":"\u001b[0mGET /api/v1/admin/dashboard \u001b[36m304\u001b[0m 3027.410 ms - -\u001b[0m","timestamp":"2025-05-09 08:24:06:246"}
{"level":"http","message":"\u001b[0mGET /api/v1/deletion-requests \u001b[32m200\u001b[0m 968.815 ms - 26\u001b[0m","timestamp":"2025-05-09 08:24:35:2435"}
{"level":"http","message":"\u001b[0mGET /api/v1/deletion-requests \u001b[36m304\u001b[0m 985.310 ms - -\u001b[0m","timestamp":"2025-05-09 08:24:36:2436"}
{"level":"info","message":"Cache initialized","timestamp":"2025-05-09 08:24:48:2448"}
{"level":"info","message":"MongoDB Connected Successfully","timestamp":"2025-05-09 08:24:51:2451"}
{"level":"info","message":"Server running in development mode on port 8000","timestamp":"2025-05-09 08:24:51:2451"}
{"level":"info","message":"Cache initialized","timestamp":"2025-05-09 08:25:10:2510"}
{"level":"info","message":"MongoDB Connected Successfully","timestamp":"2025-05-09 08:25:12:2512"}
{"level":"info","message":"Server running in development mode on port 8000","timestamp":"2025-05-09 08:25:12:2512"}
{"level":"http","message":"\u001b[0mGET /api/v1/admin/appointments \u001b[33m404\u001b[0m 5.213 ms - 1671\u001b[0m","timestamp":"2025-05-09 08:25:13:2513"}
{"level":"http","message":"\u001b[0mGET /api/v1/admin/appointments \u001b[33m404\u001b[0m 3.330 ms - 1671\u001b[0m","timestamp":"2025-05-09 08:25:13:2513"}
{"level":"http","message":"\u001b[0mGET /api/v1/admin/users \u001b[33m404\u001b[0m 2.948 ms - 1657\u001b[0m","timestamp":"2025-05-09 08:25:15:2515"}
{"level":"http","message":"\u001b[0mGET /api/v1/admin/users \u001b[33m404\u001b[0m 1.627 ms - 1657\u001b[0m","timestamp":"2025-05-09 08:25:15:2515"}
{"level":"http","message":"\u001b[0mGET /api/v1/admin/doctors \u001b[36m304\u001b[0m 582.581 ms - -\u001b[0m","timestamp":"2025-05-09 08:25:17:2517"}
{"level":"http","message":"\u001b[0mGET /api/v1/admin/doctors \u001b[36m304\u001b[0m 430.404 ms - -\u001b[0m","timestamp":"2025-05-09 08:25:17:2517"}
{"level":"info","message":"Cache initialized","timestamp":"2025-05-09 08:25:24:2524"}
{"level":"info","message":"MongoDB Connected Successfully","timestamp":"2025-05-09 08:25:26:2526"}
{"level":"info","message":"Server running in development mode on port 8000","timestamp":"2025-05-09 08:25:26:2526"}
{"level":"http","message":"\u001b[0mGET /api/v1/deletion-requests \u001b[36m304\u001b[0m 619.637 ms - -\u001b[0m","timestamp":"2025-05-09 08:26:06:266"}
{"level":"http","message":"\u001b[0mGET /api/v1/deletion-requests \u001b[36m304\u001b[0m 619.092 ms - -\u001b[0m","timestamp":"2025-05-09 08:26:07:267"}
{"level":"http","message":"\u001b[0mGET /api/v1/admin/appointments \u001b[33m404\u001b[0m 2.058 ms - 1671\u001b[0m","timestamp":"2025-05-09 08:26:08:268"}
{"level":"http","message":"\u001b[0mGET /api/v1/admin/appointments \u001b[33m404\u001b[0m 1.977 ms - 1671\u001b[0m","timestamp":"2025-05-09 08:26:08:268"}
{"level":"http","message":"\u001b[0mGET /api/v1/deletion-requests \u001b[36m304\u001b[0m 756.468 ms - -\u001b[0m","timestamp":"2025-05-09 08:26:11:2611"}
{"level":"http","message":"\u001b[0mGET /api/v1/deletion-requests \u001b[36m304\u001b[0m 800.487 ms - -\u001b[0m","timestamp":"2025-05-09 08:26:12:2612"}
{"level":"info","message":"Cache initialized","timestamp":"2025-05-09 08:27:43:2743"}
{"level":"info","message":"MongoDB Connected Successfully","timestamp":"2025-05-09 08:27:45:2745"}
{"level":"info","message":"Server running in development mode on port 8000","timestamp":"2025-05-09 08:27:45:2745"}
{"level":"debug","message":"Cache miss for __express__/api/v1/doctors","timestamp":"2025-05-09 08:27:46:2746"}
{"level":"http","message":"\u001b[0mGET /api/v1/doctors \u001b[36m304\u001b[0m 443.326 ms - -\u001b[0m","timestamp":"2025-05-09 08:27:46:2746"}
{"level":"debug","message":"Cache hit for __express__/api/v1/doctors","timestamp":"2025-05-09 08:27:46:2746"}
{"level":"http","message":"\u001b[0mGET /api/v1/doctors \u001b[36m304\u001b[0m 10.121 ms - -\u001b[0m","timestamp":"2025-05-09 08:27:46:2746"}
{"level":"http","message":"\u001b[0mPOST /api/v1/auth/login \u001b[32m200\u001b[0m 576.448 ms - 484\u001b[0m","timestamp":"2025-05-09 08:28:06:286"}
{"level":"http","message":"\u001b[0mGET /api/v1/admin/dashboard \u001b[32m200\u001b[0m 2747.405 ms - 895\u001b[0m","timestamp":"2025-05-09 08:28:09:289"}
{"level":"http","message":"\u001b[0mGET /api/v1/admin/dashboard \u001b[36m304\u001b[0m 3227.044 ms - -\u001b[0m","timestamp":"2025-05-09 08:28:12:2812"}
{"level":"http","message":"\u001b[0mGET /api/v1/deletion-requests \u001b[36m304\u001b[0m 711.604 ms - -\u001b[0m","timestamp":"2025-05-09 08:28:16:2816"}
{"level":"http","message":"\u001b[0mGET /api/v1/deletion-requests \u001b[36m304\u001b[0m 828.676 ms - -\u001b[0m","timestamp":"2025-05-09 08:28:17:2817"}
{"level":"http","message":"\u001b[0mGET /api/v1/admin/dashboard \u001b[36m304\u001b[0m 3018.007 ms - -\u001b[0m","timestamp":"2025-05-09 08:28:20:2820"}
{"level":"http","message":"\u001b[0mGET /api/v1/admin/dashboard \u001b[36m304\u001b[0m 3276.037 ms - -\u001b[0m","timestamp":"2025-05-09 08:28:23:2823"}
{"level":"http","message":"\u001b[0mGET /api/v1/admin/dashboard \u001b[36m304\u001b[0m 3183.484 ms - -\u001b[0m","timestamp":"2025-05-09 08:28:27:2827"}
{"level":"http","message":"\u001b[0mGET /api/v1/admin/dashboard \u001b[36m304\u001b[0m 2591.753 ms - -\u001b[0m","timestamp":"2025-05-09 08:28:29:2829"}
{"level":"http","message":"\u001b[0mGET /api/v1/admin/dashboard \u001b[36m304\u001b[0m 2596.902 ms - -\u001b[0m","timestamp":"2025-05-09 08:28:32:2832"}
{"level":"http","message":"\u001b[0mGET /api/v1/admin/dashboard \u001b[36m304\u001b[0m 3636.464 ms - -\u001b[0m","timestamp":"2025-05-09 08:28:35:2835"}
{"level":"http","message":"\u001b[0mGET /api/v1/admin/doctors \u001b[36m304\u001b[0m 1069.437 ms - -\u001b[0m","timestamp":"2025-05-09 08:28:41:2841"}
{"level":"http","message":"\u001b[0mGET /api/v1/admin/doctors \u001b[36m304\u001b[0m 881.036 ms - -\u001b[0m","timestamp":"2025-05-09 08:28:42:2842"}
{"level":"http","message":"\u001b[0mGET /api/v1/admin/users \u001b[32m200\u001b[0m 598.023 ms - 348\u001b[0m","timestamp":"2025-05-09 08:28:58:2858"}
{"level":"http","message":"\u001b[0mGET /api/v1/admin/users \u001b[36m304\u001b[0m 666.738 ms - -\u001b[0m","timestamp":"2025-05-09 08:28:59:2859"}
{"level":"http","message":"\u001b[0mGET /api/v1/admin/appointments \u001b[32m200\u001b[0m 1660.729 ms - 723\u001b[0m","timestamp":"2025-05-09 08:29:01:291"}
{"level":"http","message":"\u001b[0mGET /api/v1/admin/appointments \u001b[36m304\u001b[0m 587.020 ms - -\u001b[0m","timestamp":"2025-05-09 08:29:02:292"}
{"level":"http","message":"\u001b[0mGET /api/v1/deletion-requests \u001b[36m304\u001b[0m 889.813 ms - -\u001b[0m","timestamp":"2025-05-09 08:29:05:295"}
{"level":"http","message":"\u001b[0mGET /api/v1/deletion-requests \u001b[36m304\u001b[0m 838.134 ms - -\u001b[0m","timestamp":"2025-05-09 08:29:06:296"}
{"level":"http","message":"\u001b[0mGET /api/v1/admin/dashboard \u001b[36m304\u001b[0m 3297.354 ms - -\u001b[0m","timestamp":"2025-05-09 08:29:09:299"}
{"level":"http","message":"\u001b[0mGET /api/v1/admin/dashboard \u001b[36m304\u001b[0m 3985.394 ms - -\u001b[0m","timestamp":"2025-05-09 08:29:13:2913"}
{"level":"http","message":"\u001b[0mGET /api/v1/admin/doctors \u001b[36m304\u001b[0m 1823.766 ms - -\u001b[0m","timestamp":"2025-05-09 08:29:24:2924"}
{"level":"http","message":"\u001b[0mGET /api/v1/admin/doctors \u001b[36m304\u001b[0m 1124.017 ms - -\u001b[0m","timestamp":"2025-05-09 08:29:25:2925"}
{"level":"http","message":"\u001b[0mGET /api/v1/admin/doctors \u001b[36m304\u001b[0m 1180.588 ms - -\u001b[0m","timestamp":"2025-05-09 08:29:31:2931"}
{"level":"http","message":"\u001b[0mGET /api/v1/admin/doctors \u001b[36m304\u001b[0m 795.321 ms - -\u001b[0m","timestamp":"2025-05-09 08:29:31:2931"}
{"level":"http","message":"\u001b[0mGET /api/v1/admin/doctors \u001b[36m304\u001b[0m 915.257 ms - -\u001b[0m","timestamp":"2025-05-09 08:29:32:2932"}
{"level":"http","message":"\u001b[0mGET /api/v1/admin/doctors \u001b[36m304\u001b[0m 649.124 ms - -\u001b[0m","timestamp":"2025-05-09 08:29:33:2933"}
{"level":"http","message":"\u001b[0mGET /api/v1/admin/doctors \u001b[36m304\u001b[0m 933.270 ms - -\u001b[0m","timestamp":"2025-05-09 08:29:47:2947"}
{"level":"http","message":"\u001b[0mGET /api/v1/deletion-requests \u001b[36m304\u001b[0m 583.599 ms - -\u001b[0m","timestamp":"2025-05-09 08:30:03:303"}
{"level":"http","message":"\u001b[0mGET /api/v1/deletion-requests \u001b[36m304\u001b[0m 438.968 ms - -\u001b[0m","timestamp":"2025-05-09 08:30:04:304"}
{"level":"http","message":"\u001b[0mGET /api/v1/admin/dashboard \u001b[36m304\u001b[0m 3050.614 ms - -\u001b[0m","timestamp":"2025-05-09 08:30:07:307"}
{"level":"http","message":"\u001b[0mGET /api/v1/admin/appointments \u001b[36m304\u001b[0m 842.567 ms - -\u001b[0m","timestamp":"2025-05-09 08:30:09:309"}
{"level":"http","message":"\u001b[0mGET /api/v1/admin/appointments \u001b[36m304\u001b[0m 598.069 ms - -\u001b[0m","timestamp":"2025-05-09 08:30:09:309"}
{"level":"http","message":"\u001b[0mGET /api/v1/admin/dashboard \u001b[36m304\u001b[0m 2590.422 ms - -\u001b[0m","timestamp":"2025-05-09 08:30:10:3010"}
{"level":"http","message":"\u001b[0mGET /api/v1/deletion-requests \u001b[36m304\u001b[0m 449.202 ms - -\u001b[0m","timestamp":"2025-05-09 08:30:11:3011"}
{"level":"http","message":"\u001b[0mGET /api/v1/deletion-requests \u001b[36m304\u001b[0m 874.072 ms - -\u001b[0m","timestamp":"2025-05-09 08:30:12:3012"}
{"level":"http","message":"\u001b[0mGET /api/v1/admin/users \u001b[36m304\u001b[0m 1375.996 ms - -\u001b[0m","timestamp":"2025-05-09 08:30:13:3013"}
{"level":"http","message":"\u001b[0mGET /api/v1/admin/users \u001b[36m304\u001b[0m 436.841 ms - -\u001b[0m","timestamp":"2025-05-09 08:30:14:3014"}
{"level":"http","message":"\u001b[0mGET /api/v1/admin/doctors \u001b[36m304\u001b[0m 1100.110 ms - -\u001b[0m","timestamp":"2025-05-09 08:30:23:3023"}
{"level":"http","message":"\u001b[0mGET /api/v1/admin/doctors \u001b[36m304\u001b[0m 918.015 ms - -\u001b[0m","timestamp":"2025-05-09 08:30:24:3024"}
{"level":"http","message":"\u001b[0mGET /api/v1/admin/doctors \u001b[36m304\u001b[0m 1004.961 ms - -\u001b[0m","timestamp":"2025-05-09 08:30:29:3029"}
{"level":"http","message":"\u001b[0mGET /api/v1/admin/doctors \u001b[36m304\u001b[0m 1034.954 ms - -\u001b[0m","timestamp":"2025-05-09 08:30:49:3049"}
{"level":"http","message":"\u001b[0mGET /api/v1/admin/users \u001b[36m304\u001b[0m 1180.113 ms - -\u001b[0m","timestamp":"2025-05-09 08:31:19:3119"}
{"level":"http","message":"\u001b[0mGET /api/v1/admin/users \u001b[36m304\u001b[0m 445.041 ms - -\u001b[0m","timestamp":"2025-05-09 08:31:19:3119"}
{"level":"http","message":"\u001b[0mGET /api/v1/admin/dashboard \u001b[36m304\u001b[0m 2046.636 ms - -\u001b[0m","timestamp":"2025-05-09 08:31:21:3121"}
{"level":"http","message":"\u001b[0mGET /api/v1/admin/dashboard \u001b[36m304\u001b[0m 3750.671 ms - -\u001b[0m","timestamp":"2025-05-09 08:31:25:3125"}
{"level":"http","message":"\u001b[0mGET /api/v1/admin/appointments \u001b[36m304\u001b[0m 1241.291 ms - -\u001b[0m","timestamp":"2025-05-09 08:31:25:3125"}
{"level":"http","message":"\u001b[0mGET /api/v1/admin/appointments \u001b[36m304\u001b[0m 1108.357 ms - -\u001b[0m","timestamp":"2025-05-09 08:31:27:3127"}
{"level":"http","message":"\u001b[0mGET /api/v1/admin/appointments \u001b[36m304\u001b[0m 1069.338 ms - -\u001b[0m","timestamp":"2025-05-09 08:31:28:3128"}
{"level":"http","message":"\u001b[0mGET /api/v1/admin/appointments \u001b[36m304\u001b[0m 933.182 ms - -\u001b[0m","timestamp":"2025-05-09 08:31:29:3129"}
{"level":"http","message":"\u001b[0mGET /api/v1/admin/appointments \u001b[36m304\u001b[0m 921.486 ms - -\u001b[0m","timestamp":"2025-05-09 08:31:29:3129"}
{"level":"http","message":"\u001b[0mGET /api/v1/admin/appointments \u001b[36m304\u001b[0m 598.365 ms - -\u001b[0m","timestamp":"2025-05-09 08:31:30:3130"}
{"level":"http","message":"\u001b[0mGET /api/v1/deletion-requests \u001b[36m304\u001b[0m 2284.994 ms - -\u001b[0m","timestamp":"2025-05-09 08:31:40:3140"}
{"level":"http","message":"\u001b[0mGET /api/v1/deletion-requests \u001b[36m304\u001b[0m 729.339 ms - -\u001b[0m","timestamp":"2025-05-09 08:31:41:3141"}
{"level":"http","message":"\u001b[0mGET /api/v1/admin/appointments \u001b[36m304\u001b[0m 1102.949 ms - -\u001b[0m","timestamp":"2025-05-09 08:31:43:3143"}
{"level":"http","message":"\u001b[0mGET /api/v1/admin/appointments \u001b[36m304\u001b[0m 949.071 ms - -\u001b[0m","timestamp":"2025-05-09 08:31:44:3144"}
{"level":"http","message":"\u001b[0mGET /api/v1/admin/appointments \u001b[36m304\u001b[0m 1087.427 ms - -\u001b[0m","timestamp":"2025-05-09 08:31:46:3146"}
{"level":"http","message":"\u001b[0mPOST /api/v1/auth/register \u001b[32m200\u001b[0m 4131.813 ms - 54\u001b[0m","timestamp":"2025-05-09 08:32:45:3245"}
{"level":"http","message":"\u001b[0mPOST /api/v1/auth/login \u001b[32m200\u001b[0m 570.526 ms - 500\u001b[0m","timestamp":"2025-05-09 08:32:56:3256"}
{"level":"debug","message":"Cache hit for __express__/api/v1/doctors","timestamp":"2025-05-09 08:32:56:3256"}
{"level":"http","message":"\u001b[0mGET /api/v1/doctors \u001b[36m304\u001b[0m 8.562 ms - -\u001b[0m","timestamp":"2025-05-09 08:32:56:3256"}
{"level":"debug","message":"Cache hit for __express__/api/v1/doctors","timestamp":"2025-05-09 08:32:56:3256"}
{"level":"http","message":"\u001b[0mGET /api/v1/doctors \u001b[36m304\u001b[0m 9.040 ms - -\u001b[0m","timestamp":"2025-05-09 08:32:56:3256"}
{"level":"http","message":"\u001b[0mGET /api/v1/deletion-requests/status \u001b[33m404\u001b[0m 782.080 ms - 55\u001b[0m","timestamp":"2025-05-09 08:38:32:3832"}
{"level":"http","message":"\u001b[0mGET /api/v1/deletion-requests/status \u001b[33m404\u001b[0m 803.003 ms - 55\u001b[0m","timestamp":"2025-05-09 08:38:33:3833"}
{"level":"http","message":"\u001b[0mDELETE /api/v1/users/681d937cddd909f895712c99 \u001b[32m200\u001b[0m 807.558 ms - 85\u001b[0m","timestamp":"2025-05-09 08:39:46:3946"}
{"level":"http","message":"\u001b[0mGET /api/v1/deletion-requests/status \u001b[33m404\u001b[0m 5298.230 ms - 55\u001b[0m","timestamp":"2025-05-09 08:47:51:4751"}
{"level":"http","message":"\u001b[0mGET /api/v1/deletion-requests/status \u001b[33m404\u001b[0m 780.278 ms - 55\u001b[0m","timestamp":"2025-05-09 08:47:52:4752"}
{"level":"http","message":"\u001b[0mDELETE /api/v1/users/681d937cddd909f895712c99 \u001b[32m200\u001b[0m 1808.568 ms - 85\u001b[0m","timestamp":"2025-05-09 08:47:54:4754"}
{"level":"http","message":"\u001b[0mPOST /api/v1/deletion-requests \u001b[32m201\u001b[0m 5516.861 ms - 298\u001b[0m","timestamp":"2025-05-09 08:48:16:4816"}
{"level":"http","message":"\u001b[0mPOST /api/v1/auth/login \u001b[32m200\u001b[0m 759.574 ms - 1625\u001b[0m","timestamp":"2025-05-09 08:48:32:4832"}
{"level":"http","message":"\u001b[0mGET /api/v1/deletion-requests/status \u001b[33m404\u001b[0m 581.720 ms - 55\u001b[0m","timestamp":"2025-05-09 08:48:33:4833"}
{"level":"http","message":"\u001b[0mGET /api/v1/deletion-requests/status \u001b[33m404\u001b[0m 442.281 ms - 55\u001b[0m","timestamp":"2025-05-09 08:48:34:4834"}
{"level":"http","message":"\u001b[0mGET /api/v1/deletion-requests/status \u001b[33m404\u001b[0m 3013.646 ms - 55\u001b[0m","timestamp":"2025-05-09 08:49:07:497"}
{"level":"http","message":"\u001b[0mGET /api/v1/deletion-requests/status \u001b[33m404\u001b[0m 1532.128 ms - 55\u001b[0m","timestamp":"2025-05-09 08:49:08:498"}
{"level":"http","message":"\u001b[0mGET /api/v1/deletion-requests/status \u001b[33m404\u001b[0m 520.502 ms - 55\u001b[0m","timestamp":"2025-05-09 08:50:00:500"}
{"level":"http","message":"\u001b[0mGET /api/v1/deletion-requests/status \u001b[33m404\u001b[0m 2161.721 ms - 55\u001b[0m","timestamp":"2025-05-09 08:50:02:502"}
{"level":"http","message":"\u001b[0mGET /api/v1/deletion-requests/status \u001b[33m404\u001b[0m 2244.938 ms - 55\u001b[0m","timestamp":"2025-05-09 08:52:07:527"}
{"level":"http","message":"\u001b[0mGET /api/v1/deletion-requests/status \u001b[33m404\u001b[0m 697.223 ms - 55\u001b[0m","timestamp":"2025-05-09 08:52:08:528"}
{"level":"http","message":"\u001b[0mGET /api/v1/deletion-requests/status \u001b[33m404\u001b[0m 784.385 ms - 55\u001b[0m","timestamp":"2025-05-09 08:52:52:5252"}
{"level":"http","message":"\u001b[0mGET /api/v1/deletion-requests/status \u001b[33m404\u001b[0m 3961.514 ms - 55\u001b[0m","timestamp":"2025-05-09 08:52:56:5256"}
{"level":"http","message":"\u001b[0mGET /api/v1/deletion-requests/status \u001b[33m404\u001b[0m 2153.529 ms - 55\u001b[0m","timestamp":"2025-05-09 08:52:58:5258"}
{"level":"http","message":"\u001b[0mGET /api/v1/deletion-requests/status \u001b[33m404\u001b[0m 2551.013 ms - 55\u001b[0m","timestamp":"2025-05-09 08:53:00:530"}
{"level":"http","message":"\u001b[0mPOST /api/v1/auth/register \u001b[32m200\u001b[0m 7574.060 ms - 54\u001b[0m","timestamp":"2025-05-09 08:54:29:5429"}
{"level":"http","message":"\u001b[0mPOST /api/v1/auth/login \u001b[32m200\u001b[0m 635.140 ms - 480\u001b[0m","timestamp":"2025-05-09 08:54:40:5440"}
{"level":"debug","message":"Cache miss for __express__/api/v1/doctors","timestamp":"2025-05-09 08:54:41:5441"}
{"level":"http","message":"\u001b[0mGET /api/v1/doctors \u001b[36m304\u001b[0m 2994.261 ms - -\u001b[0m","timestamp":"2025-05-09 08:54:44:5444"}
{"level":"debug","message":"Cache hit for __express__/api/v1/doctors","timestamp":"2025-05-09 08:54:44:5444"}
{"level":"http","message":"\u001b[0mGET /api/v1/doctors \u001b[36m304\u001b[0m 32.052 ms - -\u001b[0m","timestamp":"2025-05-09 08:54:44:5444"}
{"level":"http","message":"\u001b[0mGET /api/v1/deletion-requests/status \u001b[33m404\u001b[0m 2320.018 ms - 55\u001b[0m","timestamp":"2025-05-09 08:54:49:5449"}
{"level":"http","message":"\u001b[0mGET /api/v1/deletion-requests/status \u001b[33m404\u001b[0m 3907.113 ms - 55\u001b[0m","timestamp":"2025-05-09 08:54:52:5452"}
{"level":"http","message":"\u001b[0mDELETE /api/v1/users/681d9894ddd909f895712cdb \u001b[32m200\u001b[0m 695.608 ms - 85\u001b[0m","timestamp":"2025-05-09 08:55:08:558"}
{"level":"http","message":"\u001b[0mPOST /api/v1/deletion-requests \u001b[32m201\u001b[0m 2517.839 ms - 283\u001b[0m","timestamp":"2025-05-09 08:55:20:5520"}
{"level":"http","message":"\u001b[0mPOST /api/v1/auth/login \u001b[32m200\u001b[0m 654.969 ms - 484\u001b[0m","timestamp":"2025-05-09 08:57:13:5713"}
{"level":"http","message":"\u001b[0mGET /api/v1/admin/dashboard \u001b[32m200\u001b[0m 3769.881 ms - 895\u001b[0m","timestamp":"2025-05-09 08:57:18:5718"}
{"level":"http","message":"\u001b[0mGET /api/v1/admin/dashboard \u001b[36m304\u001b[0m 5699.536 ms - -\u001b[0m","timestamp":"2025-05-09 08:57:23:5723"}
{"level":"http","message":"\u001b[0mGET /api/v1/admin/doctors \u001b[36m304\u001b[0m 1571.139 ms - -\u001b[0m","timestamp":"2025-05-09 08:57:35:5735"}
{"level":"http","message":"\u001b[0mGET /api/v1/admin/doctors \u001b[36m304\u001b[0m 2328.355 ms - -\u001b[0m","timestamp":"2025-05-09 08:57:37:5737"}
{"level":"http","message":"\u001b[0mGET /api/v1/admin/dashboard \u001b[36m304\u001b[0m 16401.087 ms - -\u001b[0m","timestamp":"2025-05-09 08:57:54:5754"}
{"level":"http","message":"\u001b[0mGET /api/v1/admin/doctors \u001b[36m304\u001b[0m 1331.628 ms - -\u001b[0m","timestamp":"2025-05-09 08:57:55:5755"}
{"level":"http","message":"\u001b[0mGET /api/v1/admin/doctors \u001b[36m304\u001b[0m 1506.656 ms - -\u001b[0m","timestamp":"2025-05-09 08:57:57:5757"}
{"level":"http","message":"\u001b[0mGET /api/v1/admin/dashboard \u001b[36m304\u001b[0m 5781.791 ms - -\u001b[0m","timestamp":"2025-05-09 08:58:00:580"}
{"level":"http","message":"\u001b[0mGET /api/v1/admin/users \u001b[32m200\u001b[0m 2826.625 ms - 850\u001b[0m","timestamp":"2025-05-09 08:58:05:585"}
{"level":"http","message":"\u001b[0mGET /api/v1/admin/users \u001b[36m304\u001b[0m 895.321 ms - -\u001b[0m","timestamp":"2025-05-09 08:58:06:586"}
{"level":"http","message":"\u001b[0mGET /api/v1/admin/dashboard \u001b[36m304\u001b[0m 6241.948 ms - -\u001b[0m","timestamp":"2025-05-09 08:58:06:586"}
{"level":"http","message":"\u001b[0mGET /api/v1/admin/dashboard \u001b[36m304\u001b[0m 12097.762 ms - -\u001b[0m","timestamp":"2025-05-09 08:58:18:5818"}
{"level":"http","message":"\u001b[0mGET /api/v1/admin/doctors \u001b[36m304\u001b[0m 2835.574 ms - -\u001b[0m","timestamp":"2025-05-09 08:58:26:5826"}
{"level":"http","message":"\u001b[0mGET /api/v1/admin/doctors \u001b[36m304\u001b[0m 3950.874 ms - -\u001b[0m","timestamp":"2025-05-09 08:58:30:5830"}
{"level":"http","message":"\u001b[0mGET /api/v1/admin/users \u001b[36m304\u001b[0m 784.709 ms - -\u001b[0m","timestamp":"2025-05-09 08:58:38:5838"}
{"level":"http","message":"\u001b[0mGET /api/v1/admin/users \u001b[36m304\u001b[0m 861.003 ms - -\u001b[0m","timestamp":"2025-05-09 08:58:39:5839"}
{"level":"http","message":"\u001b[0mDELETE /api/v1/admin/users/681d9894ddd909f895712cdb \u001b[32m200\u001b[0m 5474.856 ms - 54\u001b[0m","timestamp":"2025-05-09 08:58:49:5849"}
{"level":"http","message":"\u001b[0mPOST /api/v1/auth/register \u001b[32m200\u001b[0m 10212.693 ms - 54\u001b[0m","timestamp":"2025-05-09 08:59:33:5933"}
{"level":"http","message":"\u001b[0mPOST /api/v1/auth/login \u001b[32m200\u001b[0m 1144.297 ms - 583\u001b[0m","timestamp":"2025-05-09 08:59:45:5945"}
{"level":"http","message":"\u001b[0mGET /api/v1/deletion-requests/status \u001b[33m404\u001b[0m 1058.909 ms - 55\u001b[0m","timestamp":"2025-05-09 08:59:47:5947"}
{"level":"http","message":"\u001b[0mGET /api/v1/deletion-requests/status \u001b[33m404\u001b[0m 1333.207 ms - 55\u001b[0m","timestamp":"2025-05-09 08:59:48:5948"}
{"level":"debug","message":"Cache cleared for __express__/","timestamp":"2025-05-09 09:00:04:04"}
{"level":"http","message":"\u001b[0mPUT /api/v1/doctors/681d99c3ddd909f895712d70 \u001b[32m200\u001b[0m 888.179 ms - 553\u001b[0m","timestamp":"2025-05-09 09:00:04:04"}
{"level":"http","message":"\u001b[0mGET /api/v1/deletion-requests/status \u001b[33m404\u001b[0m 696.853 ms - 55\u001b[0m","timestamp":"2025-05-09 09:00:05:05"}
{"level":"debug","message":"Cache cleared for __express__/","timestamp":"2025-05-09 09:00:27:027"}
{"level":"http","message":"\u001b[0mDELETE /api/v1/doctors/681d99c3ddd909f895712d70 \u001b[32m200\u001b[0m 1033.922 ms - 85\u001b[0m","timestamp":"2025-05-09 09:00:27:027"}
{"level":"http","message":"\u001b[0mPOST /api/v1/deletion-requests \u001b[32m201\u001b[0m 1151.608 ms - 285\u001b[0m","timestamp":"2025-05-09 09:00:35:035"}
{"level":"http","message":"\u001b[0mPOST /api/v1/auth/login \u001b[32m200\u001b[0m 668.450 ms - 484\u001b[0m","timestamp":"2025-05-09 09:00:50:050"}
{"level":"http","message":"\u001b[0mGET /api/v1/admin/dashboard \u001b[32m200\u001b[0m 2728.305 ms - 895\u001b[0m","timestamp":"2025-05-09 09:00:54:054"}
{"level":"http","message":"\u001b[0mGET /api/v1/admin/dashboard \u001b[36m304\u001b[0m 2142.915 ms - -\u001b[0m","timestamp":"2025-05-09 09:00:56:056"}
{"level":"http","message":"\u001b[0mGET /api/v1/admin/users \u001b[32m200\u001b[0m 1027.189 ms - 609\u001b[0m","timestamp":"2025-05-09 09:01:05:15"}
{"level":"http","message":"\u001b[0mGET /api/v1/admin/users \u001b[36m304\u001b[0m 1004.508 ms - -\u001b[0m","timestamp":"2025-05-09 09:01:06:16"}
{"level":"http","message":"\u001b[0mGET /api/v1/admin/appointments \u001b[36m304\u001b[0m 1675.669 ms - -\u001b[0m","timestamp":"2025-05-09 09:01:11:111"}
{"level":"http","message":"\u001b[0mGET /api/v1/admin/appointments \u001b[36m304\u001b[0m 1672.447 ms - -\u001b[0m","timestamp":"2025-05-09 09:01:13:113"}
{"level":"http","message":"\u001b[0mGET /api/v1/deletion-requests \u001b[32m200\u001b[0m 1090.568 ms - 826\u001b[0m","timestamp":"2025-05-09 09:01:16:116"}
{"level":"http","message":"\u001b[0mGET /api/v1/deletion-requests \u001b[36m304\u001b[0m 1448.156 ms - -\u001b[0m","timestamp":"2025-05-09 09:01:17:117"}
{"level":"http","message":"\u001b[0mGET /api/v1/admin/appointments \u001b[36m304\u001b[0m 2025.501 ms - -\u001b[0m","timestamp":"2025-05-09 09:01:30:130"}
{"level":"http","message":"\u001b[0mGET /api/v1/admin/appointments \u001b[36m304\u001b[0m 1039.892 ms - -\u001b[0m","timestamp":"2025-05-09 09:01:31:131"}
{"level":"http","message":"\u001b[0mGET /api/v1/admin/dashboard \u001b[36m304\u001b[0m 4176.317 ms - -\u001b[0m","timestamp":"2025-05-09 09:01:36:136"}
{"level":"http","message":"\u001b[0mGET /api/v1/admin/dashboard \u001b[36m304\u001b[0m 8416.554 ms - -\u001b[0m","timestamp":"2025-05-09 09:01:44:144"}
{"level":"http","message":"\u001b[0mGET /api/v1/admin/dashboard \u001b[36m304\u001b[0m 11131.642 ms - -\u001b[0m","timestamp":"2025-05-09 09:05:26:526"}
{"level":"http","message":"\u001b[0mGET /api/v1/admin/dashboard \u001b[36m304\u001b[0m 2170.504 ms - -\u001b[0m","timestamp":"2025-05-09 09:05:29:529"}
{"level":"http","message":"\u001b[0mPOST /api/v1/auth/login \u001b[32m200\u001b[0m 2878.477 ms - 484\u001b[0m","timestamp":"2025-05-09 09:05:51:551"}
{"level":"http","message":"\u001b[0mGET /api/v1/admin/dashboard \u001b[36m304\u001b[0m 4927.067 ms - -\u001b[0m","timestamp":"2025-05-09 09:05:59:559"}
{"level":"http","message":"\u001b[0mGET /api/v1/admin/dashboard \u001b[36m304\u001b[0m 3075.752 ms - -\u001b[0m","timestamp":"2025-05-09 09:06:02:62"}
{"level":"http","message":"\u001b[0mGET /api/v1/admin/dashboard \u001b[36m304\u001b[0m 2360.773 ms - -\u001b[0m","timestamp":"2025-05-09 09:06:35:635"}
{"level":"http","message":"\u001b[0mGET /api/v1/admin/dashboard \u001b[36m304\u001b[0m 3379.590 ms - -\u001b[0m","timestamp":"2025-05-09 09:06:39:639"}
{"level":"http","message":"\u001b[0mGET /api/v1/admin/dashboard \u001b[36m304\u001b[0m 5139.314 ms - -\u001b[0m","timestamp":"2025-05-09 09:07:17:717"}
{"level":"http","message":"\u001b[0mGET /api/v1/admin/dashboard \u001b[36m304\u001b[0m 9523.051 ms - -\u001b[0m","timestamp":"2025-05-09 09:07:27:727"}
{"level":"http","message":"\u001b[0mGET /api/v1/admin/dashboard \u001b[36m304\u001b[0m 8742.176 ms - -\u001b[0m","timestamp":"2025-05-09 09:08:25:825"}
{"level":"http","message":"\u001b[0mGET /api/v1/admin/dashboard \u001b[0m-\u001b[0m - ms - -\u001b[0m","timestamp":"2025-05-09 09:08:27:827"}
{"level":"http","message":"\u001b[0mGET /api/v1/admin/dashboard \u001b[32m200\u001b[0m 4292.243 ms - 895\u001b[0m","timestamp":"2025-05-09 09:08:33:833"}
{"level":"http","message":"\u001b[0mGET /api/v1/admin/appointments \u001b[36m304\u001b[0m 635.543 ms - -\u001b[0m","timestamp":"2025-05-09 09:08:34:834"}
{"level":"http","message":"\u001b[0mGET /api/v1/admin/appointments \u001b[36m304\u001b[0m 1105.870 ms - -\u001b[0m","timestamp":"2025-05-09 09:08:35:835"}
{"level":"http","message":"\u001b[0mGET /api/v1/admin/dashboard \u001b[36m304\u001b[0m 3485.499 ms - -\u001b[0m","timestamp":"2025-05-09 09:08:37:837"}
{"level":"http","message":"\u001b[0mGET /api/v1/deletion-requests \u001b[36m304\u001b[0m 597.383 ms - -\u001b[0m","timestamp":"2025-05-09 09:08:37:837"}
{"level":"http","message":"\u001b[0mGET /api/v1/deletion-requests \u001b[36m304\u001b[0m 2250.365 ms - -\u001b[0m","timestamp":"2025-05-09 09:08:40:840"}
{"level":"http","message":"\u001b[0mGET /api/v1/admin/doctors \u001b[32m200\u001b[0m 1107.931 ms - 17458\u001b[0m","timestamp":"2025-05-09 09:08:42:842"}
{"level":"http","message":"\u001b[0mGET /api/v1/admin/doctors \u001b[36m304\u001b[0m 1155.735 ms - -\u001b[0m","timestamp":"2025-05-09 09:08:43:843"}
{"level":"http","message":"\u001b[0mGET /api/v1/admin/users \u001b[36m304\u001b[0m 479.245 ms - -\u001b[0m","timestamp":"2025-05-09 09:09:06:96"}
{"level":"http","message":"\u001b[0mGET /api/v1/admin/users \u001b[36m304\u001b[0m 841.742 ms - -\u001b[0m","timestamp":"2025-05-09 09:09:07:97"}
{"level":"http","message":"\u001b[0mGET /api/v1/admin/dashboard \u001b[36m304\u001b[0m 5684.915 ms - -\u001b[0m","timestamp":"2025-05-09 09:09:16:916"}
{"level":"http","message":"\u001b[0mGET /api/v1/admin/dashboard \u001b[36m304\u001b[0m 4769.872 ms - -\u001b[0m","timestamp":"2025-05-09 09:09:21:921"}
{"level":"http","message":"\u001b[0mGET /api/v1/admin/dashboard \u001b[36m304\u001b[0m 2711.680 ms - -\u001b[0m","timestamp":"2025-05-09 09:09:34:934"}
{"level":"http","message":"\u001b[0mGET /api/v1/admin/dashboard \u001b[0m-\u001b[0m - ms - -\u001b[0m","timestamp":"2025-05-09 09:09:40:940"}
{"level":"http","message":"\u001b[0mGET /api/v1/admin/doctors \u001b[36m304\u001b[0m 3668.156 ms - -\u001b[0m","timestamp":"2025-05-09 09:09:45:945"}
{"level":"http","message":"\u001b[0mGET /api/v1/admin/doctors \u001b[36m304\u001b[0m 1956.749 ms - -\u001b[0m","timestamp":"2025-05-09 09:09:47:947"}
{"level":"http","message":"\u001b[0mGET /api/v1/admin/dashboard \u001b[32m200\u001b[0m 6996.778 ms - 895\u001b[0m","timestamp":"2025-05-09 09:09:57:957"}
{"level":"http","message":"\u001b[0mGET /api/v1/admin/dashboard \u001b[36m304\u001b[0m 5026.702 ms - -\u001b[0m","timestamp":"2025-05-09 09:10:03:103"}
{"level":"http","message":"\u001b[0mGET /api/v1/admin/dashboard \u001b[36m304\u001b[0m 3965.043 ms - -\u001b[0m","timestamp":"2025-05-09 09:12:41:1241"}
{"level":"http","message":"\u001b[0mGET /api/v1/admin/dashboard \u001b[36m304\u001b[0m 4403.197 ms - -\u001b[0m","timestamp":"2025-05-09 09:13:09:139"}
{"level":"http","message":"\u001b[0mGET /api/v1/admin/dashboard \u001b[36m304\u001b[0m 8362.831 ms - -\u001b[0m","timestamp":"2025-05-09 09:13:53:1353"}
{"level":"http","message":"\u001b[0mGET /api/v1/admin/dashboard \u001b[36m304\u001b[0m 11055.452 ms - -\u001b[0m","timestamp":"2025-05-09 09:14:26:1426"}
{"level":"http","message":"\u001b[0mGET /api/v1/admin/dashboard \u001b[36m304\u001b[0m 2219.244 ms - -\u001b[0m","timestamp":"2025-05-09 09:14:28:1428"}
{"level":"http","message":"\u001b[0mGET /api/v1/admin/dashboard \u001b[36m304\u001b[0m 2533.514 ms - -\u001b[0m","timestamp":"2025-05-09 09:14:50:1450"}
{"level":"http","message":"\u001b[0mGET /api/v1/admin/dashboard \u001b[36m304\u001b[0m 2405.499 ms - -\u001b[0m","timestamp":"2025-05-09 09:15:15:1515"}
{"level":"http","message":"\u001b[0mGET /api/v1/admin/dashboard \u001b[36m304\u001b[0m 3686.654 ms - -\u001b[0m","timestamp":"2025-05-09 09:15:36:1536"}
{"level":"http","message":"\u001b[0mGET /api/v1/admin/dashboard \u001b[36m304\u001b[0m 3613.197 ms - -\u001b[0m","timestamp":"2025-05-09 09:15:53:1553"}
{"level":"http","message":"\u001b[0mGET /api/v1/admin/dashboard \u001b[36m304\u001b[0m 2346.793 ms - -\u001b[0m","timestamp":"2025-05-09 09:16:17:1617"}
{"level":"http","message":"\u001b[0mGET /api/v1/admin/doctors \u001b[36m304\u001b[0m 1853.213 ms - -\u001b[0m","timestamp":"2025-05-09 09:16:27:1627"}
{"level":"http","message":"\u001b[0mGET /api/v1/admin/doctors \u001b[36m304\u001b[0m 883.482 ms - -\u001b[0m","timestamp":"2025-05-09 09:16:28:1628"}
{"level":"http","message":"\u001b[0mGET /api/v1/admin/users \u001b[36m304\u001b[0m 2089.732 ms - -\u001b[0m","timestamp":"2025-05-09 09:16:51:1651"}
{"level":"http","message":"\u001b[0mGET /api/v1/admin/users \u001b[36m304\u001b[0m 2712.772 ms - -\u001b[0m","timestamp":"2025-05-09 09:16:53:1653"}
{"level":"http","message":"\u001b[0mGET /api/v1/admin/dashboard \u001b[36m304\u001b[0m 2226.980 ms - -\u001b[0m","timestamp":"2025-05-09 09:16:55:1655"}
{"level":"http","message":"\u001b[0mGET /api/v1/admin/dashboard \u001b[36m304\u001b[0m 2196.433 ms - -\u001b[0m","timestamp":"2025-05-09 09:16:58:1658"}
{"level":"http","message":"\u001b[0mGET /api/v1/deletion-requests \u001b[36m304\u001b[0m 804.901 ms - -\u001b[0m","timestamp":"2025-05-09 09:17:04:174"}
{"level":"http","message":"\u001b[0mGET /api/v1/deletion-requests \u001b[36m304\u001b[0m 2069.010 ms - -\u001b[0m","timestamp":"2025-05-09 09:17:06:176"}
{"level":"http","message":"\u001b[0mGET /api/v1/admin/dashboard \u001b[36m304\u001b[0m 3774.170 ms - -\u001b[0m","timestamp":"2025-05-09 09:18:09:189"}
{"level":"http","message":"\u001b[0mGET /api/v1/admin/dashboard \u001b[36m304\u001b[0m 4246.494 ms - -\u001b[0m","timestamp":"2025-05-09 09:18:13:1813"}
{"level":"http","message":"\u001b[0mGET /api/v1/admin/dashboard \u001b[36m304\u001b[0m 10351.175 ms - -\u001b[0m","timestamp":"2025-05-09 09:18:24:1824"}
{"level":"http","message":"\u001b[0mGET /api/v1/admin/dashboard \u001b[36m304\u001b[0m 3906.823 ms - -\u001b[0m","timestamp":"2025-05-09 09:18:35:1835"}
{"level":"http","message":"\u001b[0mGET /api/v1/admin/doctors \u001b[36m304\u001b[0m 3897.155 ms - -\u001b[0m","timestamp":"2025-05-09 09:18:44:1844"}
{"level":"http","message":"\u001b[0mGET /api/v1/admin/users \u001b[36m304\u001b[0m 1328.773 ms - -\u001b[0m","timestamp":"2025-05-09 09:18:47:1847"}
{"level":"http","message":"\u001b[0mGET /api/v1/admin/users \u001b[36m304\u001b[0m 856.606 ms - -\u001b[0m","timestamp":"2025-05-09 09:18:48:1848"}
{"level":"http","message":"\u001b[0mGET /api/v1/admin/appointments \u001b[36m304\u001b[0m 4969.785 ms - -\u001b[0m","timestamp":"2025-05-09 09:18:54:1854"}
{"level":"http","message":"\u001b[0mGET /api/v1/admin/appointments \u001b[36m304\u001b[0m 592.130 ms - -\u001b[0m","timestamp":"2025-05-09 09:18:55:1855"}
{"level":"http","message":"\u001b[0mGET /api/v1/admin/dashboard \u001b[36m304\u001b[0m 5207.314 ms - -\u001b[0m","timestamp":"2025-05-09 09:19:01:191"}
{"level":"http","message":"\u001b[0mGET /api/v1/admin/dashboard \u001b[0m-\u001b[0m - ms - -\u001b[0m","timestamp":"2025-05-09 09:19:04:194"}
{"level":"http","message":"\u001b[0mGET /api/v1/admin/doctors \u001b[0m-\u001b[0m - ms - -\u001b[0m","timestamp":"2025-05-09 09:19:04:194"}
{"level":"http","message":"\u001b[0mGET /api/v1/admin/dashboard \u001b[32m200\u001b[0m 2382.757 ms - 895\u001b[0m","timestamp":"2025-05-09 09:19:08:198"}
{"level":"http","message":"\u001b[0mGET /api/v1/admin/dashboard \u001b[36m304\u001b[0m 3189.297 ms - -\u001b[0m","timestamp":"2025-05-09 09:19:11:1911"}
{"level":"http","message":"\u001b[0mGET /api/v1/admin/dashboard \u001b[36m304\u001b[0m 3593.565 ms - -\u001b[0m","timestamp":"2025-05-09 09:19:15:1915"}
{"level":"http","message":"\u001b[0mGET /api/v1/admin/dashboard \u001b[36m304\u001b[0m 3777.001 ms - -\u001b[0m","timestamp":"2025-05-09 09:19:36:1936"}
{"level":"http","message":"\u001b[0mGET /api/v1/admin/dashboard \u001b[36m304\u001b[0m 3421.911 ms - -\u001b[0m","timestamp":"2025-05-09 09:19:58:1958"}
{"level":"http","message":"\u001b[0mGET /api/v1/admin/dashboard \u001b[36m304\u001b[0m 3554.120 ms - -\u001b[0m","timestamp":"2025-05-09 09:20:20:2020"}
{"level":"http","message":"\u001b[0mGET /api/v1/admin/dashboard \u001b[36m304\u001b[0m 6318.447 ms - -\u001b[0m","timestamp":"2025-05-09 09:20:57:2057"}
{"level":"http","message":"\u001b[0mGET /api/v1/admin/dashboard \u001b[36m304\u001b[0m 4133.488 ms - -\u001b[0m","timestamp":"2025-05-09 09:21:45:2145"}
{"level":"http","message":"\u001b[0mGET /api/v1/admin/dashboard \u001b[36m304\u001b[0m 25935.100 ms - -\u001b[0m","timestamp":"2025-05-09 09:23:11:2311"}
{"level":"http","message":"\u001b[0mGET /api/v1/admin/dashboard \u001b[36m304\u001b[0m 2605.160 ms - -\u001b[0m","timestamp":"2025-05-09 09:23:39:2339"}
{"level":"http","message":"\u001b[0mGET /api/v1/admin/dashboard \u001b[36m304\u001b[0m 3498.919 ms - -\u001b[0m","timestamp":"2025-05-09 09:23:42:2342"}
{"level":"http","message":"\u001b[0mGET /api/v1/admin/dashboard \u001b[36m304\u001b[0m 4863.885 ms - -\u001b[0m","timestamp":"2025-05-09 09:23:47:2347"}
{"level":"http","message":"\u001b[0mGET /api/v1/admin/dashboard \u001b[36m304\u001b[0m 3964.320 ms - -\u001b[0m","timestamp":"2025-05-09 09:24:45:2445"}
{"level":"http","message":"\u001b[0mGET /api/v1/admin/dashboard \u001b[36m304\u001b[0m 2586.007 ms - -\u001b[0m","timestamp":"2025-05-09 09:25:01:251"}
{"level":"http","message":"\u001b[0mGET /api/v1/admin/dashboard \u001b[36m304\u001b[0m 3025.024 ms - -\u001b[0m","timestamp":"2025-05-09 09:25:04:254"}
{"level":"http","message":"\u001b[0mGET /api/v1/admin/dashboard \u001b[36m304\u001b[0m 15506.071 ms - -\u001b[0m","timestamp":"2025-05-09 09:26:11:2611"}
{"level":"http","message":"\u001b[0mGET /api/v1/admin/dashboard \u001b[36m304\u001b[0m 7215.364 ms - -\u001b[0m","timestamp":"2025-05-09 09:26:18:2618"}
{"level":"http","message":"\u001b[0mGET /api/v1/admin/dashboard \u001b[36m304\u001b[0m 3760.895 ms - -\u001b[0m","timestamp":"2025-05-09 09:26:32:2632"}
{"level":"http","message":"\u001b[0mGET /api/v1/admin/dashboard \u001b[36m304\u001b[0m 10930.986 ms - -\u001b[0m","timestamp":"2025-05-09 09:26:43:2643"}
{"level":"http","message":"\u001b[0mGET /api/v1/admin/dashboard \u001b[36m304\u001b[0m 4090.502 ms - -\u001b[0m","timestamp":"2025-05-09 09:27:38:2738"}
{"level":"http","message":"\u001b[0mGET /api/v1/admin/dashboard \u001b[36m304\u001b[0m 13297.579 ms - -\u001b[0m","timestamp":"2025-05-09 09:27:51:2751"}
{"level":"http","message":"\u001b[0mGET /api/v1/admin/doctors \u001b[32m200\u001b[0m 2067.069 ms - 17458\u001b[0m","timestamp":"2025-05-09 09:28:19:2819"}
{"level":"http","message":"\u001b[0mGET /api/v1/admin/doctors \u001b[36m304\u001b[0m 909.415 ms - -\u001b[0m","timestamp":"2025-05-09 09:28:20:2820"}
{"level":"http","message":"\u001b[0mGET /api/v1/deletion-requests \u001b[36m304\u001b[0m 1577.240 ms - -\u001b[0m","timestamp":"2025-05-09 09:28:47:2847"}
{"level":"http","message":"\u001b[0mGET /api/v1/deletion-requests \u001b[36m304\u001b[0m 1151.267 ms - -\u001b[0m","timestamp":"2025-05-09 09:28:48:2848"}
{"level":"http","message":"\u001b[0mPUT /api/v1/deletion-requests/681d9a03ddd909f895712d87 \u001b[32m200\u001b[0m 3165.684 ms - 372\u001b[0m","timestamp":"2025-05-09 09:29:35:2935"}
{"level":"http","message":"\u001b[0mGET /api/v1/deletion-requests \u001b[32m200\u001b[0m 1200.965 ms - 927\u001b[0m","timestamp":"2025-05-09 09:29:36:2936"}
{"level":"http","message":"\u001b[0mPUT /api/v1/deletion-requests/681d9720ddd909f895712cb2 \u001b[32m200\u001b[0m 653.728 ms - 383\u001b[0m","timestamp":"2025-05-09 09:29:51:2951"}
{"level":"http","message":"\u001b[0mGET /api/v1/deletion-requests \u001b[32m200\u001b[0m 632.718 ms - 1026\u001b[0m","timestamp":"2025-05-09 09:29:52:2952"}
{"level":"http","message":"\u001b[0mPOST /api/v1/auth/login \u001b[32m200\u001b[0m 905.909 ms - 661\u001b[0m","timestamp":"2025-05-09 09:30:06:306"}
{"level":"http","message":"\u001b[0mGET /api/v1/deletion-requests/status \u001b[32m200\u001b[0m 884.434 ms - 334\u001b[0m","timestamp":"2025-05-09 09:30:09:309"}
{"level":"http","message":"\u001b[0mGET /api/v1/deletion-requests/status \u001b[36m304\u001b[0m 1700.118 ms - -\u001b[0m","timestamp":"2025-05-09 09:30:10:3010"}
{"level":"http","message":"\u001b[0mGET /api/v1/appointments/doctor/681d99c3ddd909f895712d70 \u001b[32m200\u001b[0m 469.597 ms - 72\u001b[0m","timestamp":"2025-05-09 09:30:29:3029"}
{"level":"info","message":"Cache initialized","timestamp":"2025-05-09 09:41:25:4125"}
{"level":"info","message":"Cache initialized","timestamp":"2025-05-09 09:41:54:4154"}
{"level":"info","message":"MongoDB Connected Successfully","timestamp":"2025-05-09 09:42:05:425"}
{"level":"info","message":"Server running in development mode on port 8000","timestamp":"2025-05-09 09:42:05:425"}
{"level":"info","message":"Cache initialized","timestamp":"2025-05-09 09:42:19:4219"}
{"level":"info","message":"MongoDB Connected Successfully","timestamp":"2025-05-09 09:42:22:4222"}
{"level":"info","message":"Server running in development mode on port 8000","timestamp":"2025-05-09 09:42:22:4222"}
{"level":"http","message":"\u001b[0mGET /api/v1/deletion-requests/status \u001b[36m304\u001b[0m 2906.334 ms - -\u001b[0m","timestamp":"2025-05-09 09:42:34:4234"}
{"level":"http","message":"\u001b[0mGET /api/v1/deletion-requests/status \u001b[36m304\u001b[0m 636.361 ms - -\u001b[0m","timestamp":"2025-05-09 09:42:35:4235"}
{"level":"info","message":"Cache initialized","timestamp":"2025-05-09 09:42:42:4242"}
{"level":"info","message":"MongoDB Connected Successfully","timestamp":"2025-05-09 09:42:44:4244"}
{"level":"info","message":"Server running in development mode on port 8000","timestamp":"2025-05-09 09:42:44:4244"}
{"level":"info","message":"Cache initialized","timestamp":"2025-05-09 09:43:04:434"}
{"level":"info","message":"MongoDB Connected Successfully","timestamp":"2025-05-09 09:43:15:4315"}
{"level":"info","message":"Server running in development mode on port 8000","timestamp":"2025-05-09 09:43:15:4315"}
{"level":"info","message":"Cache initialized","timestamp":"2025-05-09 09:44:15:4415"}
{"level":"info","message":"MongoDB Connected Successfully","timestamp":"2025-05-09 09:44:21:4421"}
{"level":"info","message":"Server running in development mode on port 8000","timestamp":"2025-05-09 09:44:21:4421"}
{"level":"info","message":"Cache initialized","timestamp":"2025-05-09 09:44:41:4441"}
{"level":"info","message":"MongoDB Connected Successfully","timestamp":"2025-05-09 09:44:45:4445"}
{"level":"info","message":"Server running in development mode on port 8000","timestamp":"2025-05-09 09:44:45:4445"}
{"level":"debug","message":"Cache miss for __express__/api/v1/doctors","timestamp":"2025-05-09 09:44:58:4458"}
{"level":"http","message":"\u001b[0mGET /api/v1/doctors \u001b[36m304\u001b[0m 752.514 ms - -\u001b[0m","timestamp":"2025-05-09 09:44:59:4459"}
{"level":"debug","message":"Cache hit for __express__/api/v1/doctors","timestamp":"2025-05-09 09:44:59:4459"}
{"level":"http","message":"\u001b[0mGET /api/v1/doctors \u001b[36m304\u001b[0m 14.452 ms - -\u001b[0m","timestamp":"2025-05-09 09:44:59:4459"}
{"level":"info","message":"Cache initialized","timestamp":"2025-05-09 09:45:09:459"}
{"level":"info","message":"MongoDB Connected Successfully","timestamp":"2025-05-09 09:45:16:4516"}
{"level":"info","message":"Server running in development mode on port 8000","timestamp":"2025-05-09 09:45:16:4516"}
{"level":"info","message":"Cache initialized","timestamp":"2025-05-09 09:45:28:4528"}
{"level":"info","message":"MongoDB Connected Successfully","timestamp":"2025-05-09 09:45:30:4530"}
{"level":"info","message":"Server running in development mode on port 8000","timestamp":"2025-05-09 09:45:30:4530"}
{"level":"debug","message":"Cache miss for __express__/api/v1/doctors","timestamp":"2025-05-09 09:45:32:4532"}
{"level":"http","message":"\u001b[0mGET /api/v1/doctors \u001b[36m304\u001b[0m 712.258 ms - -\u001b[0m","timestamp":"2025-05-09 09:45:33:4533"}
{"level":"debug","message":"Cache hit for __express__/api/v1/doctors","timestamp":"2025-05-09 09:45:33:4533"}
{"level":"http","message":"\u001b[0mGET /api/v1/doctors \u001b[36m304\u001b[0m 12.748 ms - -\u001b[0m","timestamp":"2025-05-09 09:45:33:4533"}
{"level":"debug","message":"Cache hit for __express__/api/v1/doctors","timestamp":"2025-05-09 09:45:38:4538"}
{"level":"http","message":"\u001b[0mGET /api/v1/doctors \u001b[36m304\u001b[0m 15.043 ms - -\u001b[0m","timestamp":"2025-05-09 09:45:38:4538"}
{"level":"debug","message":"Cache hit for __express__/api/v1/doctors","timestamp":"2025-05-09 09:45:38:4538"}
{"level":"http","message":"\u001b[0mGET /api/v1/doctors \u001b[36m304\u001b[0m 15.133 ms - -\u001b[0m","timestamp":"2025-05-09 09:45:38:4538"}
{"level":"debug","message":"Cache hit for __express__/api/v1/doctors","timestamp":"2025-05-09 09:45:46:4546"}
{"level":"http","message":"\u001b[0mGET /api/v1/doctors \u001b[32m200\u001b[0m 18.945 ms - 17014\u001b[0m","timestamp":"2025-05-09 09:45:46:4546"}
{"level":"debug","message":"Cache hit for __express__/api/v1/doctors","timestamp":"2025-05-09 09:45:46:4546"}
{"level":"http","message":"\u001b[0mGET /api/v1/doctors \u001b[32m200\u001b[0m 44.421 ms - 17014\u001b[0m","timestamp":"2025-05-09 09:45:46:4546"}
{"level":"info","message":"Cache initialized","timestamp":"2025-05-09 09:45:48:4548"}
{"level":"info","message":"MongoDB Connected Successfully","timestamp":"2025-05-09 09:46:03:463"}
{"level":"info","message":"Server running in development mode on port 8000","timestamp":"2025-05-09 09:46:03:463"}
{"level":"debug","message":"Cache miss for __express__/api/v1/doctors","timestamp":"2025-05-09 09:46:11:4611"}
{"level":"debug","message":"Cache miss for __express__/api/v1/doctors","timestamp":"2025-05-09 09:46:11:4611"}
{"level":"http","message":"\u001b[0mGET /api/v1/doctors \u001b[32m200\u001b[0m 940.011 ms - 17014\u001b[0m","timestamp":"2025-05-09 09:46:12:4612"}
{"level":"http","message":"\u001b[0mGET /api/v1/doctors \u001b[32m200\u001b[0m 1530.907 ms - 17014\u001b[0m","timestamp":"2025-05-09 09:46:12:4612"}
{"level":"debug","message":"Cache miss for __express__/api/v1/doctors/681c9f0921de62760977d640","timestamp":"2025-05-09 09:46:21:4621"}
{"level":"debug","message":"Cache miss for __express__/api/v1/doctors/681c9f0921de62760977d640","timestamp":"2025-05-09 09:46:21:4621"}
{"level":"http","message":"\u001b[0mGET /api/v1/doctors/681c9f0921de62760977d640 \u001b[32m200\u001b[0m 1437.765 ms - 1810\u001b[0m","timestamp":"2025-05-09 09:46:22:4622"}
{"level":"http","message":"\u001b[0mGET /api/v1/doctors/681c9f0921de62760977d640 \u001b[32m200\u001b[0m 1460.789 ms - 1810\u001b[0m","timestamp":"2025-05-09 09:46:22:4622"}
{"level":"http","message":"\u001b[0mPOST /api/v1/auth/login \u001b[32m200\u001b[0m 7175.449 ms - 1625\u001b[0m","timestamp":"2025-05-09 09:47:15:4715"}
{"level":"http","message":"\u001b[0mGET /api/v1/deletion-requests/status \u001b[33m404\u001b[0m 703.945 ms - 55\u001b[0m","timestamp":"2025-05-09 09:47:16:4716"}
{"level":"http","message":"\u001b[0mGET /api/v1/deletion-requests/status \u001b[33m404\u001b[0m 751.649 ms - 55\u001b[0m","timestamp":"2025-05-09 09:47:16:4716"}
{"level":"info","message":"Cache initialized","timestamp":"2025-05-09 09:47:25:4725"}
{"level":"info","message":"MongoDB Connected Successfully","timestamp":"2025-05-09 09:47:28:4728"}
{"level":"info","message":"Server running in development mode on port 8000","timestamp":"2025-05-09 09:47:28:4728"}
{"level":"http","message":"\u001b[0mGET /api/v1/appointments/doctor/681d049aec605e319369e1fe \u001b[32m200\u001b[0m 5988.748 ms - 72\u001b[0m","timestamp":"2025-05-09 09:47:37:4737"}
{"level":"debug","message":"Cache miss for __express__/api/v1/doctors","timestamp":"2025-05-09 09:47:48:4748"}
{"level":"debug","message":"Cache miss for __express__/api/v1/doctors","timestamp":"2025-05-09 09:47:48:4748"}
{"level":"http","message":"\u001b[0mGET /api/v1/doctors \u001b[32m200\u001b[0m 468.667 ms - 17014\u001b[0m","timestamp":"2025-05-09 09:47:49:4749"}
{"level":"http","message":"\u001b[0mGET /api/v1/doctors \u001b[32m200\u001b[0m 483.988 ms - 17014\u001b[0m","timestamp":"2025-05-09 09:47:49:4749"}
{"level":"debug","message":"Cache hit for __express__/api/v1/doctors","timestamp":"2025-05-09 09:48:12:4812"}
{"level":"http","message":"\u001b[0mGET /api/v1/doctors \u001b[36m304\u001b[0m 14.287 ms - -\u001b[0m","timestamp":"2025-05-09 09:48:12:4812"}
{"level":"debug","message":"Cache hit for __express__/api/v1/doctors","timestamp":"2025-05-09 09:48:12:4812"}
{"level":"http","message":"\u001b[0mGET /api/v1/doctors \u001b[36m304\u001b[0m 22.260 ms - -\u001b[0m","timestamp":"2025-05-09 09:48:12:4812"}
{"level":"debug","message":"Cache hit for __express__/api/v1/doctors","timestamp":"2025-05-09 09:48:13:4813"}
{"level":"http","message":"\u001b[0mGET /api/v1/doctors \u001b[36m304\u001b[0m 11.249 ms - -\u001b[0m","timestamp":"2025-05-09 09:48:13:4813"}
{"level":"debug","message":"Cache hit for __express__/api/v1/doctors","timestamp":"2025-05-09 09:48:13:4813"}
{"level":"http","message":"\u001b[0mGET /api/v1/doctors \u001b[36m304\u001b[0m 15.091 ms - -\u001b[0m","timestamp":"2025-05-09 09:48:13:4813"}
{"level":"debug","message":"Cache hit for __express__/api/v1/doctors","timestamp":"2025-05-09 09:50:49:5049"}
{"level":"http","message":"\u001b[0mGET /api/v1/doctors \u001b[32m200\u001b[0m 40.996 ms - 17014\u001b[0m","timestamp":"2025-05-09 09:50:49:5049"}
{"level":"debug","message":"Cache hit for __express__/api/v1/doctors","timestamp":"2025-05-09 09:50:49:5049"}
{"level":"http","message":"\u001b[0mGET /api/v1/doctors \u001b[32m200\u001b[0m 78.548 ms - 17014\u001b[0m","timestamp":"2025-05-09 09:50:49:5049"}
{"level":"http","message":"\u001b[0mPOST /api/v1/auth/login \u001b[32m200\u001b[0m 606.135 ms - 1625\u001b[0m","timestamp":"2025-05-09 10:01:51:151"}
{"level":"http","message":"\u001b[0mGET /api/v1/deletion-requests/status \u001b[33m404\u001b[0m 747.318 ms - 55\u001b[0m","timestamp":"2025-05-09 10:01:52:152"}
{"level":"http","message":"\u001b[0mGET /api/v1/deletion-requests/status \u001b[33m404\u001b[0m 1334.407 ms - 55\u001b[0m","timestamp":"2025-05-09 10:01:53:153"}
{"level":"debug","message":"Cache miss for __express__/api/v1/doctors","timestamp":"2025-05-09 10:01:57:157"}
{"level":"http","message":"\u001b[0mGET /api/v1/doctors \u001b[36m304\u001b[0m 756.433 ms - -\u001b[0m","timestamp":"2025-05-09 10:01:58:158"}
{"level":"debug","message":"Cache hit for __express__/api/v1/doctors","timestamp":"2025-05-09 10:01:58:158"}
{"level":"http","message":"\u001b[0mGET /api/v1/doctors \u001b[36m304\u001b[0m 12.329 ms - -\u001b[0m","timestamp":"2025-05-09 10:01:58:158"}
{"level":"info","message":"Cache initialized","timestamp":"2025-05-09 10:08:17:817"}
{"level":"info","message":"MongoDB Connected Successfully","timestamp":"2025-05-09 10:08:19:819"}
{"level":"info","message":"Server running in development mode on port 8000","timestamp":"2025-05-09 10:08:19:819"}
{"level":"debug","message":"Cache miss for __express__/api/v1/doctors","timestamp":"2025-05-09 10:08:26:826"}
{"level":"http","message":"\u001b[0mGET /api/v1/doctors \u001b[36m304\u001b[0m 787.892 ms - -\u001b[0m","timestamp":"2025-05-09 10:08:27:827"}
{"level":"debug","message":"Cache hit for __express__/api/v1/doctors","timestamp":"2025-05-09 10:08:27:827"}
{"level":"http","message":"\u001b[0mGET /api/v1/doctors \u001b[36m304\u001b[0m 16.625 ms - -\u001b[0m","timestamp":"2025-05-09 10:08:27:827"}
{"level":"info","message":"Cache initialized","timestamp":"2025-05-09 10:53:31:5331"}
{"level":"info","message":"MongoDB Connected Successfully","timestamp":"2025-05-09 10:54:26:5426"}
{"level":"info","message":"Server running in development mode on port 8000","timestamp":"2025-05-09 10:54:26:5426"}
{"level":"debug","message":"Cache miss for __express__/api/v1/doctors","timestamp":"2025-05-09 10:54:31:5431"}
{"level":"debug","message":"Cache miss for __express__/api/v1/doctors","timestamp":"2025-05-09 10:54:51:5451"}
{"level":"http","message":"\u001b[0mGET /api/v1/doctors \u001b[0m-\u001b[0m - ms - -\u001b[0m","timestamp":"2025-05-09 10:55:01:551"}
{"level":"http","message":"\u001b[0mGET /api/v1/doctors \u001b[0m-\u001b[0m - ms - -\u001b[0m","timestamp":"2025-05-09 10:55:01:551"}
{"level":"debug","message":"Cache miss for __express__/api/v1/doctors","timestamp":"2025-05-09 10:55:02:552"}
{"level":"debug","message":"Cache hit for __express__/api/v1/doctors","timestamp":"2025-05-09 10:55:22:5522"}
{"level":"http","message":"\u001b[0mGET /api/v1/doctors \u001b[32m200\u001b[0m 6.841 ms - 17014\u001b[0m","timestamp":"2025-05-09 10:55:22:5522"}
{"level":"http","message":"\u001b[0mGET /api/v1/doctors \u001b[32m200\u001b[0m 25146.399 ms - 17014\u001b[0m","timestamp":"2025-05-09 10:55:27:5527"}
{"level":"debug","message":"Cache hit for __express__/api/v1/doctors","timestamp":"2025-05-09 10:55:27:5527"}
{"level":"http","message":"\u001b[0mGET /api/v1/doctors \u001b[36m304\u001b[0m 6.824 ms - -\u001b[0m","timestamp":"2025-05-09 10:55:27:5527"}
{"level":"debug","message":"Cache hit for __express__/api/v1/doctors","timestamp":"2025-05-09 10:55:27:5527"}
{"level":"http","message":"\u001b[0mGET /api/v1/doctors \u001b[36m304\u001b[0m 9.931 ms - -\u001b[0m","timestamp":"2025-05-09 10:55:27:5527"}
{"level":"debug","message":"Cache hit for __express__/api/v1/doctors","timestamp":"2025-05-09 10:55:30:5530"}
{"level":"http","message":"\u001b[0mGET /api/v1/doctors \u001b[36m304\u001b[0m 17.955 ms - -\u001b[0m","timestamp":"2025-05-09 10:55:30:5530"}
{"level":"debug","message":"Cache hit for __express__/api/v1/doctors","timestamp":"2025-05-09 10:55:30:5530"}
{"level":"http","message":"\u001b[0mGET /api/v1/doctors \u001b[36m304\u001b[0m 29.240 ms - -\u001b[0m","timestamp":"2025-05-09 10:55:30:5530"}
